This is pdfTeX, Version 3.141592653-2.6-1.40.26 (MiKTeX 24.3.31) (preloaded format=pdflatex 2024.4.18)  27 MAY 2024 15:56
entering extended mode
 restricted \write18 enabled.
 %&-line parsing enabled.
**./tesis.tex
(tesis.tex
LaTeX2e <2023-11-01> patch level 1
L3 programming layer <2024-03-14>
(C:\Program Files\MiKTeX\tex/latex/base\report.cls
Document Class: report 2023/05/17 v1.4n Standard LaTeX document class
(C:\Program Files\MiKTeX\tex/latex/base\size12.clo
File: size12.clo 2023/05/17 v1.4n Standard LaTeX file (size option)
)
\c@part=\count188
\c@chapter=\count189
\c@section=\count190
\c@subsection=\count191
\c@subsubsection=\count192
\c@paragraph=\count193
\c@subparagraph=\count194
\c@figure=\count195
\c@table=\count196
\abovecaptionskip=\skip48
\belowcaptionskip=\skip49
\bibindent=\dimen140
)
(C:\Program Files\MiKTeX\tex/latex/psnfss\mathptmx.sty
Package: mathptmx 2020/03/25 PSNFSS-v9.3 Times w/ Math, improved (SPQR, WaS) 
LaTeX Font Info:    Redeclaring symbol font `operators' on input line 28.
LaTeX Font Info:    Overwriting symbol font `operators' in version `normal'
(Font)                  OT1/cmr/m/n --> OT1/ztmcm/m/n on input line 28.
LaTeX Font Info:    Overwriting symbol font `operators' in version `bold'
(Font)                  OT1/cmr/bx/n --> OT1/ztmcm/m/n on input line 28.
LaTeX Font Info:    Redeclaring symbol font `letters' on input line 29.
LaTeX Font Info:    Overwriting symbol font `letters' in version `normal'
(Font)                  OML/cmm/m/it --> OML/ztmcm/m/it on input line 29.
LaTeX Font Info:    Overwriting symbol font `letters' in version `bold'
(Font)                  OML/cmm/b/it --> OML/ztmcm/m/it on input line 29.
LaTeX Font Info:    Redeclaring symbol font `symbols' on input line 30.
LaTeX Font Info:    Overwriting symbol font `symbols' in version `normal'
(Font)                  OMS/cmsy/m/n --> OMS/ztmcm/m/n on input line 30.
LaTeX Font Info:    Overwriting symbol font `symbols' in version `bold'
(Font)                  OMS/cmsy/b/n --> OMS/ztmcm/m/n on input line 30.
LaTeX Font Info:    Redeclaring symbol font `largesymbols' on input line 31.
LaTeX Font Info:    Overwriting symbol font `largesymbols' in version `normal'
(Font)                  OMX/cmex/m/n --> OMX/ztmcm/m/n on input line 31.
LaTeX Font Info:    Overwriting symbol font `largesymbols' in version `bold'
(Font)                  OMX/cmex/m/n --> OMX/ztmcm/m/n on input line 31.
\symbold=\mathgroup4
\symitalic=\mathgroup5
LaTeX Font Info:    Redeclaring math alphabet \mathbf on input line 34.
LaTeX Font Info:    Overwriting math alphabet `\mathbf' in version `normal'
(Font)                  OT1/cmr/bx/n --> OT1/ptm/bx/n on input line 34.
LaTeX Font Info:    Overwriting math alphabet `\mathbf' in version `bold'
(Font)                  OT1/cmr/bx/n --> OT1/ptm/bx/n on input line 34.
LaTeX Font Info:    Redeclaring math alphabet \mathit on input line 35.
LaTeX Font Info:    Overwriting math alphabet `\mathit' in version `normal'
(Font)                  OT1/cmr/m/it --> OT1/ptm/m/it on input line 35.
LaTeX Font Info:    Overwriting math alphabet `\mathit' in version `bold'
(Font)                  OT1/cmr/bx/it --> OT1/ptm/m/it on input line 35.
LaTeX Info: Redefining \hbar on input line 50.
)
(C:\Program Files\MiKTeX\tex/latex/geometry\geometry.sty
Package: geometry 2020/01/02 v5.9 Page Geometry

(C:\Program Files\MiKTeX\tex/latex/graphics\keyval.sty
Package: keyval 2022/05/29 v1.15 key=value parser (DPC)
\KV@toks@=\toks17
)
(C:\Program Files\MiKTeX\tex/generic/iftex\ifvtex.sty
Package: ifvtex 2019/10/25 v1.7 ifvtex legacy package. Use iftex instead.

(C:\Program Files\MiKTeX\tex/generic/iftex\iftex.sty
Package: iftex 2022/02/03 v1.0f TeX engine tests
))
\Gm@cnth=\count197
\Gm@cntv=\count198
\c@Gm@tempcnt=\count199
\Gm@bindingoffset=\dimen141
\Gm@wd@mp=\dimen142
\Gm@odd@mp=\dimen143
\Gm@even@mp=\dimen144
\Gm@layoutwidth=\dimen145
\Gm@layoutheight=\dimen146
\Gm@layouthoffset=\dimen147
\Gm@layoutvoffset=\dimen148
\Gm@dimlist=\toks18

(C:\Program Files\MiKTeX\tex/latex/geometry\geometry.cfg))
(C:\Program Files\MiKTeX\tex/latex/base\inputenc.sty
Package: inputenc 2021/02/14 v1.3d Input encoding file
\inpenc@prehook=\toks19
\inpenc@posthook=\toks20
)
(C:\Program Files\MiKTeX\tex/latex/csquotes\csquotes.sty
Package: csquotes 2024-04-04 v5.2o context-sensitive quotations (JAW)

(C:\Program Files\MiKTeX\tex/latex/etoolbox\etoolbox.sty
Package: etoolbox 2020/10/05 v2.5k e-TeX tools for LaTeX (JAW)
\etb@tempcnta=\count266
)
\csq@reset=\count267
\csq@gtype=\count268
\csq@glevel=\count269
\csq@qlevel=\count270
\csq@maxlvl=\count271
\csq@tshold=\count272
\csq@ltx@everypar=\toks21

(C:\Program Files\MiKTeX\tex/latex/csquotes\csquotes.def
File: csquotes.def 2024-04-04 v5.2o csquotes generic definitions (JAW)
)
Package csquotes Info: Trying to load configuration file 'csquotes.cfg'...
Package csquotes Info: ... configuration file loaded successfully.

(C:\Program Files\MiKTeX\tex/latex/csquotes\csquotes.cfg
File: csquotes.cfg 
))
(C:\Program Files\MiKTeX\tex/generic/babel\babel.sty
Package: babel 2024/03/29 v24.3 The Babel package
\babel@savecnt=\count273
\U@D=\dimen149
\l@unhyphenated=\language79

(C:\Program Files\MiKTeX\tex/generic/babel\txtbabel.def)
\bbl@readstream=\read2
\bbl@dirlevel=\count274

*************************************
* Local config file bblopts.cfg used
*
(C:\Program Files\MiKTeX\tex/latex/arabi\bblopts.cfg
File: bblopts.cfg 2005/09/08 v0.1 add Arabic and Farsi to "declared" options of
 babel
)
(C:\Program Files\MiKTeX\tex/latex/babel-spanish\spanish.ldf
Language: spanish.ldf 2021/05/27 v5.0q Spanish support from the babel system
\es@quottoks=\toks22
\es@quotdepth=\count275
Package babel Info: Making " an active character on input line 570.
Package babel Info: Making . an active character on input line 675.
Package babel Info: Making < an active character on input line 722.
Package babel Info: Making > an active character on input line 722.
))
(C:\Program Files\MiKTeX\tex/generic/babel/locale/es\babel-spanish.tex
Package babel Info: Importing font and identification data for spanish
(babel)             from babel-es.ini. Reported on input line 11.
)
(C:\Program Files\MiKTeX\tex/latex/biblatex\biblatex.sty
Package: biblatex 2024/03/21 v3.20 programmable bibliographies (PK/MW)

(C:\Program Files\MiKTeX\tex/generic/pdftexcmds\pdftexcmds.sty
Package: pdftexcmds 2020-06-27 v0.33 Utility functions of pdfTeX for LuaTeX (HO
)

(C:\Program Files\MiKTeX\tex/generic/infwarerr\infwarerr.sty
Package: infwarerr 2019/12/03 v1.5 Providing info/warning/error messages (HO)
)
(C:\Program Files\MiKTeX\tex/generic/ltxcmds\ltxcmds.sty
Package: ltxcmds 2023-12-04 v1.26 LaTeX kernel commands for general use (HO)
)
Package pdftexcmds Info: \pdf@primitive is available.
Package pdftexcmds Info: \pdf@ifprimitive is available.
Package pdftexcmds Info: \pdfdraftmode found.
)
(C:\Program Files\MiKTeX\tex/latex/kvoptions\kvoptions.sty
Package: kvoptions 2022-06-15 v3.15 Key value format for package options (HO)

(C:\Program Files\MiKTeX\tex/latex/kvsetkeys\kvsetkeys.sty
Package: kvsetkeys 2022-10-05 v1.19 Key value parser (HO)
))
(C:\Program Files\MiKTeX\tex/latex/logreq\logreq.sty
Package: logreq 2010/08/04 v1.0 xml request logger
\lrq@indent=\count276

(C:\Program Files\MiKTeX\tex/latex/logreq\logreq.def
File: logreq.def 2010/08/04 v1.0 logreq spec v1.0
))
(C:\Program Files\MiKTeX\tex/latex/base\ifthen.sty
Package: ifthen 2022/04/13 v1.1d Standard LaTeX ifthen package (DPC)
)
(C:\Program Files\MiKTeX\tex/latex/url\url.sty
\Urlmuskip=\muskip16
Package: url 2013/09/16  ver 3.4  Verb mode for urls, etc.
)
\c@tabx@nest=\count277
\c@listtotal=\count278
\c@listcount=\count279
\c@liststart=\count280
\c@liststop=\count281
\c@citecount=\count282
\c@citetotal=\count283
\c@multicitecount=\count284
\c@multicitetotal=\count285
\c@instcount=\count286
\c@maxnames=\count287
\c@minnames=\count288
\c@maxitems=\count289
\c@minitems=\count290
\c@citecounter=\count291
\c@maxcitecounter=\count292
\c@savedcitecounter=\count293
\c@uniquelist=\count294
\c@uniquename=\count295
\c@refsection=\count296
\c@refsegment=\count297
\c@maxextratitle=\count298
\c@maxextratitleyear=\count299
\c@maxextraname=\count300
\c@maxextradate=\count301
\c@maxextraalpha=\count302
\c@abbrvpenalty=\count303
\c@highnamepenalty=\count304
\c@lownamepenalty=\count305
\c@maxparens=\count306
\c@parenlevel=\count307
\blx@tempcnta=\count308
\blx@tempcntb=\count309
\blx@tempcntc=\count310
\c@blx@maxsection=\count311
\blx@maxsegment@0=\count312
\blx@notetype=\count313
\blx@parenlevel@text=\count314
\blx@parenlevel@foot=\count315
\blx@sectionciteorder@0=\count316
\blx@sectionciteorderinternal@0=\count317
\blx@entrysetcounter=\count318
\blx@biblioinstance=\count319
\labelnumberwidth=\skip50
\labelalphawidth=\skip51
\biblabelsep=\skip52
\bibitemsep=\skip53
\bibnamesep=\skip54
\bibinitsep=\skip55
\bibparsep=\skip56
\bibhang=\skip57
\blx@bcfin=\read3
\blx@bcfout=\write3
\blx@langwohyphens=\language80
\c@mincomprange=\count320
\c@maxcomprange=\count321
\c@mincompwidth=\count322
Package biblatex Info: Trying to load biblatex default data model...
Package biblatex Info: ... file 'blx-dm.def' found.

(C:\Program Files\MiKTeX\tex/latex/biblatex\blx-dm.def
File: blx-dm.def 2024/03/21 v3.20 biblatex datamodel (PK/MW)
)
Package biblatex Info: Trying to load biblatex style data model...
Package biblatex Info: ... file 'apa.dbx' found.

(C:\Program Files\MiKTeX\tex/latex/biblatex-apa\apa.dbx
File: apa.dbx 2023/03/20 v9.17 APA biblatex style data model
)
Package biblatex Info: Trying to load biblatex custom data model...
Package biblatex Info: ... file 'biblatex-dm.cfg' not found.
\c@afterword=\count323
\c@savedafterword=\count324
\c@annotator=\count325
\c@savedannotator=\count326
\c@author=\count327
\c@savedauthor=\count328
\c@bookauthor=\count329
\c@savedbookauthor=\count330
\c@commentator=\count331
\c@savedcommentator=\count332
\c@editor=\count333
\c@savededitor=\count334
\c@editora=\count335
\c@savededitora=\count336
\c@editorb=\count337
\c@savededitorb=\count338
\c@editorc=\count339
\c@savededitorc=\count340
\c@foreword=\count341
\c@savedforeword=\count342
\c@holder=\count343
\c@savedholder=\count344
\c@introduction=\count345
\c@savedintroduction=\count346
\c@namea=\count347
\c@savednamea=\count348
\c@nameb=\count349
\c@savednameb=\count350
\c@namec=\count351
\c@savednamec=\count352
\c@translator=\count353
\c@savedtranslator=\count354
\c@shortauthor=\count355
\c@savedshortauthor=\count356
\c@shorteditor=\count357
\c@savedshorteditor=\count358
\c@narrator=\count359
\c@savednarrator=\count360
\c@execproducer=\count361
\c@savedexecproducer=\count362
\c@execdirector=\count363
\c@savedexecdirector=\count364
\c@with=\count365
\c@savedwith=\count366
\c@labelname=\count367
\c@savedlabelname=\count368
\c@institution=\count369
\c@savedinstitution=\count370
\c@lista=\count371
\c@savedlista=\count372
\c@listb=\count373
\c@savedlistb=\count374
\c@listc=\count375
\c@savedlistc=\count376
\c@listd=\count377
\c@savedlistd=\count378
\c@liste=\count379
\c@savedliste=\count380
\c@listf=\count381
\c@savedlistf=\count382
\c@location=\count383
\c@savedlocation=\count384
\c@organization=\count385
\c@savedorganization=\count386
\c@origlocation=\count387
\c@savedoriglocation=\count388
\c@origpublisher=\count389
\c@savedorigpublisher=\count390
\c@publisher=\count391
\c@savedpublisher=\count392
\c@language=\count393
\c@savedlanguage=\count394
\c@origlanguage=\count395
\c@savedoriglanguage=\count396
\c@citation=\count397
\c@savedcitation=\count398
\c@pageref=\count399
\c@savedpageref=\count400
\shorthandwidth=\skip58
\shortjournalwidth=\skip59
\shortserieswidth=\skip60
\shorttitlewidth=\skip61
\shortauthorwidth=\skip62
\shorteditorwidth=\skip63
\locallabelnumberwidth=\skip64
\locallabelalphawidth=\skip65
\localshorthandwidth=\skip66
\localshortjournalwidth=\skip67
\localshortserieswidth=\skip68
\localshorttitlewidth=\skip69
\localshortauthorwidth=\skip70
\localshorteditorwidth=\skip71
Package biblatex Info: Trying to load compatibility code...
Package biblatex Info: ... file 'blx-compat.def' found.

(C:\Program Files\MiKTeX\tex/latex/biblatex\blx-compat.def
File: blx-compat.def 2024/03/21 v3.20 biblatex compatibility (PK/MW)
)
Package biblatex Info: Trying to load generic definitions...
Package biblatex Info: ... file 'biblatex.def' found.

(C:\Program Files\MiKTeX\tex/latex/biblatex\biblatex.def
File: biblatex.def 2024/03/21 v3.20 biblatex compatibility (PK/MW)
\c@textcitecount=\count401
\c@textcitetotal=\count402
\c@textcitemaxnames=\count403
\c@biburlbigbreakpenalty=\count404
\c@biburlbreakpenalty=\count405
\c@biburlnumpenalty=\count406
\c@biburlucpenalty=\count407
\c@biburllcpenalty=\count408
\biburlbigskip=\muskip17
\biburlnumskip=\muskip18
\biburlucskip=\muskip19
\biburllcskip=\muskip20
\c@smartand=\count409
)
Package biblatex Info: Trying to load natbib compatibility...
Package biblatex Info: ... file 'blx-natbib.def' found.

(C:\Program Files\MiKTeX\tex/latex/biblatex\blx-natbib.def
File: blx-natbib.def 2024/03/21 v3.20 biblatex compatibility (PK/MW)
Package biblatex Info: Delimiter 'nameyeardelim' in context '' already defined,
 overwriting.
)
Package biblatex Info: Trying to load bibliography style 'apa'...
Package biblatex Info: ... file 'apa.bbx' found.

(C:\Program Files\MiKTeX\tex/latex/biblatex-apa\apa.bbx
File: apa.bbx 2023/03/20 v9.17 APA biblatex references style
Package biblatex Info: Trying to load bibliography style 'standard'...
Package biblatex Info: ... file 'standard.bbx' found.

(C:\Program Files\MiKTeX\tex/latex/biblatex/bbx\standard.bbx
File: standard.bbx 2024/03/21 v3.20 biblatex bibliography style (PK/MW)
\c@bbx:relatedcount=\count410
\c@bbx:relatedtotal=\count411
)
Package biblatex Info: Delimiter 'nameyeardelim' in context 'bib' already defin
ed, overwriting.
Package biblatex Info: Delimiter 'nameyeardelim' in context 'biblist' already d
efined, overwriting.
Package biblatex Info: Delimiter 'nonameyeardelim' in context 'bib' already def
ined, overwriting.
Package biblatex Info: Delimiter 'nonameyeardelim' in context 'biblist' already
 defined, overwriting.
)
Package biblatex Info: Trying to load citation style 'apa'...
Package biblatex Info: ... file 'apa.cbx' found.

(C:\Program Files\MiKTeX\tex/latex/biblatex-apa\apa.cbx
File: apa.cbx 2023/03/20 v9.17 APA biblatex citation style
Package biblatex Info: Delimiter 'nameyeardelim' in context '' already defined,
 overwriting.
Package biblatex Info: Delimiter 'andothersdelim' in context '' already defined
, overwriting.
Package biblatex Info: Redefining '\fullcite'.
Package biblatex Info: Redefining '\citeauthor'.
Package biblatex Info: Redefining '\citeyear'.
Package biblatex Info: Redefining '\cite'.
Package biblatex Info: Redefining '\cites'.
Package biblatex Info: Redefining '\parencite'.
Package biblatex Info: Redefining '\parencites'.
Package biblatex Info: Redefining '\footcite'.
Package biblatex Info: Redefining '\footcites'.
Package biblatex Info: Redefining '\footcitetext'.
Package biblatex Info: Redefining '\footcitetexts'.
Package biblatex Info: Redefining '\smartcite'.
Package biblatex Info: Redefining '\smartcites'.
Package biblatex Info: Redefining '\textcite'.
Package biblatex Info: Redefining '\textcites'.
)
Package biblatex Info: Trying to load configuration file...
Package biblatex Info: ... file 'biblatex.cfg' found.

(C:\Program Files\MiKTeX\tex/latex/biblatex\biblatex.cfg
File: biblatex.cfg 
)
Package biblatex Info: Input encoding 'utf8' detected.
Package biblatex Info: Document encoding is UTF8 ....

(C:\Program Files\MiKTeX\tex/latex/l3kernel\expl3.sty
Package: expl3 2024-03-14 L3 programming layer (loader) 

(C:\Program Files\MiKTeX\tex/latex/l3backend\l3backend-pdftex.def
File: l3backend-pdftex.def 2024-03-14 L3 backend support: PDF output (pdfTeX)
\l__color_backend_stack_int=\count412
\l__pdf_internal_box=\box51
))
Package biblatex Info: ... and expl3
(biblatex)             2024-03-14 L3 programming layer (loader) 
(biblatex)             is new enough (at least 2020/04/06),
(biblatex)             setting 'casechanger=expl3'.

(C:\Program Files\MiKTeX\tex/latex/biblatex\blx-case-expl3.sty
(C:\Program Files\MiKTeX\tex/latex/l3packages/xparse\xparse.sty
Package: xparse 2024-03-14 L3 Experimental document command parser
)
Package: blx-case-expl3 2024/03/21 v3.20 expl3 case changing code for biblatex
))
(C:\Program Files\MiKTeX\tex/latex/hyperref\hyperref.sty
Package: hyperref 2024-01-20 v7.01h Hypertext links for LaTeX

(C:\Program Files\MiKTeX\tex/generic/kvdefinekeys\kvdefinekeys.sty
Package: kvdefinekeys 2019-12-19 v1.6 Define keys (HO)
)
(C:\Program Files\MiKTeX\tex/generic/pdfescape\pdfescape.sty
Package: pdfescape 2019/12/09 v1.15 Implements pdfTeX's escape features (HO)
)
(C:\Program Files\MiKTeX\tex/latex/hycolor\hycolor.sty
Package: hycolor 2020-01-27 v1.10 Color options for hyperref/bookmark (HO)
)
(C:\Program Files\MiKTeX\tex/latex/auxhook\auxhook.sty
Package: auxhook 2019-12-17 v1.6 Hooks for auxiliary files (HO)
)
(C:\Program Files\MiKTeX\tex/latex/hyperref\nameref.sty
Package: nameref 2023-11-26 v2.56 Cross-referencing by name of section

(C:\Program Files\MiKTeX\tex/latex/refcount\refcount.sty
Package: refcount 2019/12/15 v3.6 Data extraction from label references (HO)
)
(C:\Program Files\MiKTeX\tex/generic/gettitlestring\gettitlestring.sty
Package: gettitlestring 2019/12/15 v1.6 Cleanup title references (HO)
)
\c@section@level=\count413
)
\@linkdim=\dimen150
\Hy@linkcounter=\count414
\Hy@pagecounter=\count415

(C:\Program Files\MiKTeX\tex/latex/hyperref\pd1enc.def
File: pd1enc.def 2024-01-20 v7.01h Hyperref: PDFDocEncoding definition (HO)
Now handling font encoding PD1 ...
... no UTF-8 mapping file for font encoding PD1
)
(C:\Program Files\MiKTeX\tex/generic/intcalc\intcalc.sty
Package: intcalc 2019/12/15 v1.3 Expandable calculations with integers (HO)
)
\Hy@SavedSpaceFactor=\count416

(C:\Program Files\MiKTeX\tex/latex/hyperref\puenc.def
File: puenc.def 2024-01-20 v7.01h Hyperref: PDF Unicode definition (HO)
Now handling font encoding PU ...
... no UTF-8 mapping file for font encoding PU
)
Package hyperref Info: Option `colorlinks' set `true' on input line 4062.
Package hyperref Info: Option `bookmarks' set `true' on input line 4062.
Package hyperref Info: Hyper figures OFF on input line 4179.
Package hyperref Info: Link nesting OFF on input line 4184.
Package hyperref Info: Hyper index ON on input line 4187.
Package hyperref Info: Plain pages OFF on input line 4194.
Package hyperref Info: Backreferencing OFF on input line 4199.
Package hyperref Info: Implicit mode ON; LaTeX internals redefined.
Package hyperref Info: Bookmarks ON on input line 4446.
\c@Hy@tempcnt=\count417
LaTeX Info: Redefining \url on input line 4784.
\XeTeXLinkMargin=\dimen151

(C:\Program Files\MiKTeX\tex/generic/bitset\bitset.sty
Package: bitset 2019/12/09 v1.3 Handle bit-vector datatype (HO)

(C:\Program Files\MiKTeX\tex/generic/bigintcalc\bigintcalc.sty
Package: bigintcalc 2019/12/15 v1.5 Expandable calculations on big integers (HO
)
))
\Fld@menulength=\count418
\Field@Width=\dimen152
\Fld@charsize=\dimen153
Package hyperref Info: Hyper figures OFF on input line 6063.
Package hyperref Info: Link nesting OFF on input line 6068.
Package hyperref Info: Hyper index ON on input line 6071.
Package hyperref Info: backreferencing OFF on input line 6078.
Package hyperref Info: Link coloring ON on input line 6081.
Package hyperref Info: Link coloring with OCG OFF on input line 6088.
Package hyperref Info: PDF/A mode OFF on input line 6093.

(C:\Program Files\MiKTeX\tex/latex/base\atbegshi-ltx.sty
Package: atbegshi-ltx 2021/01/10 v1.0c Emulation of the original atbegshi
package with kernel methods
)
\Hy@abspage=\count419
\c@Item=\count420
\c@Hfootnote=\count421
)
Package hyperref Info: Driver (autodetected): hpdftex.

(C:\Program Files\MiKTeX\tex/latex/hyperref\hpdftex.def
File: hpdftex.def 2024-01-20 v7.01h Hyperref driver for pdfTeX

(C:\Program Files\MiKTeX\tex/latex/base\atveryend-ltx.sty
Package: atveryend-ltx 2020/08/19 v1.0a Emulation of the original atveryend pac
kage
with kernel methods
)
\Fld@listcount=\count422
\c@bookmark@seq@number=\count423

(C:\Program Files\MiKTeX\tex/latex/rerunfilecheck\rerunfilecheck.sty
Package: rerunfilecheck 2022-07-10 v1.10 Rerun checks for auxiliary files (HO)

(C:\Program Files\MiKTeX\tex/generic/uniquecounter\uniquecounter.sty
Package: uniquecounter 2019/12/15 v1.4 Provide unlimited unique counter (HO)
)
Package uniquecounter Info: New unique counter `rerunfilecheck' on input line 2
85.
)
\Hy@SectionHShift=\skip72
)
(C:\Program Files\MiKTeX\tex/latex/amsfonts\amssymb.sty
Package: amssymb 2013/01/14 v3.01 AMS font symbols

(C:\Program Files\MiKTeX\tex/latex/amsfonts\amsfonts.sty
Package: amsfonts 2013/01/14 v3.01 Basic AMSFonts support
\@emptytoks=\toks23
\symAMSa=\mathgroup6
\symAMSb=\mathgroup7
LaTeX Font Info:    Overwriting math alphabet `\mathfrak' in version `bold'
(Font)                  U/euf/m/n --> U/euf/b/n on input line 106.
))
(C:\Program Files\MiKTeX\tex/latex/graphics\graphicx.sty
Package: graphicx 2021/09/16 v1.2d Enhanced LaTeX Graphics (DPC,SPQR)

(C:\Program Files\MiKTeX\tex/latex/graphics\graphics.sty
Package: graphics 2022/03/10 v1.4e Standard LaTeX Graphics (DPC,SPQR)

(C:\Program Files\MiKTeX\tex/latex/graphics\trig.sty
Package: trig 2021/08/11 v1.11 sin cos tan (DPC)
)
(C:\Program Files\MiKTeX\tex/latex/graphics-cfg\graphics.cfg
File: graphics.cfg 2016/06/04 v1.11 sample graphics configuration
)
Package graphics Info: Driver file: pdftex.def on input line 107.

(C:\Program Files\MiKTeX\tex/latex/graphics-def\pdftex.def
File: pdftex.def 2022/09/22 v1.2b Graphics/color driver for pdftex
))
\Gin@req@height=\dimen154
\Gin@req@width=\dimen155
)
(C:\Program Files\MiKTeX\tex/latex/caption\caption.sty
Package: caption 2023/08/05 v3.6o Customizing captions (AR)

(C:\Program Files\MiKTeX\tex/latex/caption\caption3.sty
Package: caption3 2023/07/31 v2.4d caption3 kernel (AR)
\caption@tempdima=\dimen156
\captionmargin=\dimen157
\caption@leftmargin=\dimen158
\caption@rightmargin=\dimen159
\caption@width=\dimen160
\caption@indent=\dimen161
\caption@parindent=\dimen162
\caption@hangindent=\dimen163
Package caption Info: Standard document class detected.
)
\c@caption@flags=\count424
\c@continuedfloat=\count425
Package caption Info: hyperref package is loaded.
)
(C:\Program Files\MiKTeX\tex/latex/amsfonts\eucal.sty
Package: eucal 2009/06/22 v3.00 Euler Script fonts
LaTeX Font Info:    Overwriting math alphabet `\EuScript' in version `bold'
(Font)                  U/eus/m/n --> U/eus/b/n on input line 33.
)
(C:\Program Files\MiKTeX\tex/latex/graphics\color.sty
Package: color 2022/01/06 v1.3d Standard LaTeX Color (DPC)

(C:\Program Files\MiKTeX\tex/latex/graphics-cfg\color.cfg
File: color.cfg 2016/01/02 v1.6 sample color configuration
)
Package color Info: Driver file: pdftex.def on input line 149.

(C:\Program Files\MiKTeX\tex/latex/graphics\dvipsnam.def
File: dvipsnam.def 2016/06/17 v3.0m Driver-dependent file (DPC,SPQR)
)
(C:\Program Files\MiKTeX\tex/latex/graphics\mathcolor.ltx))
(C:\Program Files\MiKTeX\tex/latex/footmisc\footmisc.sty
Package: footmisc 2023/07/05 v6.0f a miscellany of footnote facilities
\FN@temptoken=\toks24
\footnotemargin=\dimen164
\@outputbox@depth=\dimen165

(C:\Program Files\MiKTeX\tex/latex/bigfoot\perpage.sty
Package: perpage 2014/10/25 2.0 Reset/sort counters per page
\c@abspage=\count426
)
\c@pp@a@footnote=\count427
Package footmisc Info: Declaring symbol style bringhurst on input line 696.
Package footmisc Info: Declaring symbol style chicago on input line 704.
Package footmisc Info: Declaring symbol style wiley on input line 713.
Package footmisc Info: Declaring symbol style lamport-robust on input line 724.

Package footmisc Info: Declaring symbol style lamport* on input line 744.
Package footmisc Info: Declaring symbol style lamport*-robust on input line 765
.
)
(C:\Program Files\MiKTeX\tex/latex/tools\multicol.sty
Package: multicol 2023/03/30 v1.9f multicolumn formatting (FMi)
\c@tracingmulticols=\count428
\mult@box=\box52
\multicol@leftmargin=\dimen166
\c@unbalance=\count429
\c@collectmore=\count430
\doublecol@number=\count431
\multicoltolerance=\count432
\multicolpretolerance=\count433
\full@width=\dimen167
\page@free=\dimen168
\premulticols=\dimen169
\postmulticols=\dimen170
\multicolsep=\skip73
\multicolbaselineskip=\skip74
\partial@page=\box53
\last@line=\box54
\mc@boxedresult=\box55
\maxbalancingoverflow=\dimen171
\mult@rightbox=\box56
\mult@grightbox=\box57
\mult@firstbox=\box58
\mult@gfirstbox=\box59
\@tempa=\box60
\@tempa=\box61
\@tempa=\box62
\@tempa=\box63
\@tempa=\box64
\@tempa=\box65
\@tempa=\box66
\@tempa=\box67
\@tempa=\box68
\@tempa=\box69
\@tempa=\box70
\@tempa=\box71
\@tempa=\box72
\@tempa=\box73
\@tempa=\box74
\@tempa=\box75
\@tempa=\box76
\@tempa=\box77
\@tempa=\box78
\@tempa=\box79
\@tempa=\box80
\@tempa=\box81
\@tempa=\box82
\@tempa=\box83
\@tempa=\box84
\@tempa=\box85
\@tempa=\box86
\@tempa=\box87
\@tempa=\box88
\@tempa=\box89
\@tempa=\box90
\@tempa=\box91
\@tempa=\box92
\@tempa=\box93
\@tempa=\box94
\@tempa=\box95
\c@minrows=\count434
\c@columnbadness=\count435
\c@finalcolumnbadness=\count436
\last@try=\dimen172
\multicolovershoot=\dimen173
\multicolundershoot=\dimen174
\mult@nat@firstbox=\box96
\colbreak@box=\box97
\mc@col@check@num=\count437
)
(C:\Program Files\MiKTeX\tex/latex/comment\comment.sty
\CommentStream=\write4

Excluding comment 'comment')
(C:\Program Files\MiKTeX\tex/latex/tocbibind\tocbibind.sty
Package: tocbibind 2010/10/13 v1.5k extra ToC listings
Package tocbibind Info: The document has chapter divisions on input line 50.


Package tocbibind Note: Using chapter style headings, unless overridden.

) (C:\Program Files\MiKTeX\tex/latex/appendix\appendix.sty
Package: appendix 2020/02/08 v1.2c extra appendix facilities
\c@@pps=\count438
\c@@ppsavesec=\count439
\c@@ppsaveapp=\count440
)
(C:\Program Files\MiKTeX\tex/latex/fancyhdr\fancyhdr.sty
Package: fancyhdr 2022/11/09 v4.1 Extensive control of page headers and footers

\f@nch@headwidth=\skip75
\f@nch@O@elh=\skip76
\f@nch@O@erh=\skip77
\f@nch@O@olh=\skip78
\f@nch@O@orh=\skip79
\f@nch@O@elf=\skip80
\f@nch@O@erf=\skip81
\f@nch@O@olf=\skip82
\f@nch@O@orf=\skip83
)
(C:\Program Files\MiKTeX\tex/latex/tools\array.sty
Package: array 2023/10/16 v2.5g Tabular extension package (FMi)
\col@sep=\dimen175
\ar@mcellbox=\box98
\extrarowheight=\dimen176
\NC@list=\toks25
\extratabsurround=\skip84
\backup@length=\skip85
\ar@cellbox=\box99
)
(C:\Program Files\MiKTeX\tex/latex/ragged2e\ragged2e.sty
Package: ragged2e 2023/06/22 v3.6 ragged2e Package
\CenteringLeftskip=\skip86
\RaggedLeftLeftskip=\skip87
\RaggedRightLeftskip=\skip88
\CenteringRightskip=\skip89
\RaggedLeftRightskip=\skip90
\RaggedRightRightskip=\skip91
\CenteringParfillskip=\skip92
\RaggedLeftParfillskip=\skip93
\RaggedRightParfillskip=\skip94
\JustifyingParfillskip=\skip95
\CenteringParindent=\skip96
\RaggedLeftParindent=\skip97
\RaggedRightParindent=\skip98
\JustifyingParindent=\skip99
)
(C:\Program Files\MiKTeX\tex/latex/multirow\multirow.sty
Package: multirow 2021/03/15 v2.8 Span multiple rows of a table
\multirow@colwidth=\skip100
\multirow@cntb=\count441
\multirow@dima=\skip101
\bigstrutjot=\dimen177
)
(C:\Program Files\MiKTeX\tex/latex/makecell\makecell.sty
Package: makecell 2009/08/03 V0.1e Managing of Tab Column Heads and Cells
\rotheadsize=\dimen178
\c@nlinenum=\count442
\TeXr@lab=\toks26
)
(C:\Program Files\MiKTeX\tex/latex/graphics\rotating.sty
Package: rotating 2016/08/11 v2.16d rotated objects in LaTeX
\c@r@tfl@t=\count443
\rotFPtop=\skip102
\rotFPbot=\skip103
\rot@float@box=\box100
\rot@mess@toks=\toks27
)
(C:\Program Files\MiKTeX\tex/latex/siunitx\siunitx.sty
Package: siunitx 2024-02-15 v3.3.12 A comprehensive (SI) units package
\l__siunitx_number_uncert_offset_int=\count444
\l__siunitx_number_exponent_fixed_int=\count445
\l__siunitx_number_min_decimal_int=\count446
\l__siunitx_number_min_integer_int=\count447
\l__siunitx_number_round_precision_int=\count448
\l__siunitx_number_lower_threshold_int=\count449
\l__siunitx_number_upper_threshold_int=\count450
\l__siunitx_number_group_first_int=\count451
\l__siunitx_number_group_size_int=\count452
\l__siunitx_number_group_minimum_int=\count453
\l__siunitx_angle_tmp_dim=\dimen179
\l__siunitx_angle_marker_box=\box101
\l__siunitx_angle_unit_box=\box102
\l__siunitx_compound_count_int=\count454

(C:\Program Files\MiKTeX\tex/latex/translations\translations.sty
Package: translations 2022/02/05 v1.12 internationalization of LaTeX2e packages
 (CN)
)
(C:\Program Files\MiKTeX\tex/latex/amsmath\amstext.sty
Package: amstext 2021/08/26 v2.01 AMS text

(C:\Program Files\MiKTeX\tex/latex/amsmath\amsgen.sty
File: amsgen.sty 1999/11/30 v2.0 generic functions
\@emptytoks=\toks28
\ex@=\dimen180
))
\l__siunitx_table_tmp_box=\box103
\l__siunitx_table_tmp_dim=\dimen181
\l__siunitx_table_column_width_dim=\dimen182
\l__siunitx_table_integer_box=\box104
\l__siunitx_table_decimal_box=\box105
\l__siunitx_table_uncert_box=\box106
\l__siunitx_table_before_box=\box107
\l__siunitx_table_after_box=\box108
\l__siunitx_table_before_dim=\dimen183
\l__siunitx_table_carry_dim=\dimen184
\l__siunitx_unit_tmp_int=\count455
\l__siunitx_unit_position_int=\count456
\l__siunitx_unit_total_int=\count457
)
(C:\Program Files\MiKTeX\tex/latex/xcolor\xcolor.sty
Package: xcolor 2023/11/15 v3.01 LaTeX color extensions (UK)

(C:\Program Files\MiKTeX\tex/latex/graphics-cfg\color.cfg
File: color.cfg 2016/01/02 v1.6 sample color configuration
)
Package xcolor Info: Driver file: pdftex.def on input line 274.
LaTeX Info: Redefining \color on input line 758.

(C:\Program Files\MiKTeX\tex/latex/graphics\mathcolor.ltx)
Package xcolor Info: Model `cmy' substituted by `cmy0' on input line 1350.
Package xcolor Info: Model `hsb' substituted by `rgb' on input line 1354.
Package xcolor Info: Model `RGB' extended on input line 1366.
Package xcolor Info: Model `HTML' substituted by `rgb' on input line 1368.
Package xcolor Info: Model `Hsb' substituted by `hsb' on input line 1369.
Package xcolor Info: Model `tHsb' substituted by `hsb' on input line 1370.
Package xcolor Info: Model `HSB' substituted by `hsb' on input line 1371.
Package xcolor Info: Model `Gray' substituted by `gray' on input line 1372.
Package xcolor Info: Model `wave' substituted by `hsb' on input line 1373.
)
(C:\Program Files\MiKTeX\tex/latex/colortbl\colortbl.sty
Package: colortbl 2024/02/20 v1.0g Color table columns (DPC)
\everycr=\toks29
\minrowclearance=\skip104
\rownum=\count458
)
(C:\Program Files\MiKTeX\tex/latex/amsmath\amsmath.sty
Package: amsmath 2023/05/13 v2.17o AMS math features
\@mathmargin=\skip105

For additional information on amsmath, use the `?' option.
(C:\Program Files\MiKTeX\tex/latex/amsmath\amsbsy.sty
Package: amsbsy 1999/11/29 v1.2d Bold Symbols
\pmbraise@=\dimen185
)
(C:\Program Files\MiKTeX\tex/latex/amsmath\amsopn.sty
Package: amsopn 2022/04/08 v2.04 operator names
)
\inf@bad=\count459
LaTeX Info: Redefining \frac on input line 234.
\uproot@=\count460
\leftroot@=\count461
LaTeX Info: Redefining \overline on input line 399.
LaTeX Info: Redefining \colon on input line 410.
\classnum@=\count462
\DOTSCASE@=\count463
LaTeX Info: Redefining \ldots on input line 496.
LaTeX Info: Redefining \dots on input line 499.
LaTeX Info: Redefining \cdots on input line 620.
\Mathstrutbox@=\box109
\strutbox@=\box110
LaTeX Info: Redefining \big on input line 722.
LaTeX Info: Redefining \Big on input line 723.
LaTeX Info: Redefining \bigg on input line 724.
LaTeX Info: Redefining \Bigg on input line 725.
\big@size=\dimen186
LaTeX Font Info:    Redeclaring font encoding OML on input line 743.
LaTeX Font Info:    Redeclaring font encoding OMS on input line 744.
\macc@depth=\count464
LaTeX Info: Redefining \bmod on input line 905.
LaTeX Info: Redefining \pmod on input line 910.
LaTeX Info: Redefining \smash on input line 940.
LaTeX Info: Redefining \relbar on input line 970.
LaTeX Info: Redefining \Relbar on input line 971.
\c@MaxMatrixCols=\count465
\dotsspace@=\muskip21
\c@parentequation=\count466
\dspbrk@lvl=\count467
\tag@help=\toks30
\row@=\count468
\column@=\count469
\maxfields@=\count470
\andhelp@=\toks31
\eqnshift@=\dimen187
\alignsep@=\dimen188
\tagshift@=\dimen189
\tagwidth@=\dimen190
\totwidth@=\dimen191
\lineht@=\dimen192
\@envbody=\toks32
\multlinegap=\skip106
\multlinetaggap=\skip107
\mathdisplay@stack=\toks33
LaTeX Info: Redefining \[ on input line 2953.
LaTeX Info: Redefining \] on input line 2954.
)
(C:\Program Files\MiKTeX\tex/latex/mathtools\mathtools.sty
Package: mathtools 2024/03/11 v1.30 mathematical typesetting tools

(C:\Program Files\MiKTeX\tex/latex/tools\calc.sty
Package: calc 2023/07/08 v4.3 Infix arithmetic (KKT,FJ)
\calc@Acount=\count471
\calc@Bcount=\count472
\calc@Adimen=\dimen193
\calc@Bdimen=\dimen194
\calc@Askip=\skip108
\calc@Bskip=\skip109
LaTeX Info: Redefining \setlength on input line 80.
LaTeX Info: Redefining \addtolength on input line 81.
\calc@Ccount=\count473
\calc@Cskip=\skip110
)
(C:\Program Files\MiKTeX\tex/latex/mathtools\mhsetup.sty
Package: mhsetup 2021/03/18 v1.4 programming setup (MH)
)
\g_MT_multlinerow_int=\count474
\l_MT_multwidth_dim=\dimen195
\origjot=\skip111
\l_MT_shortvdotswithinadjustabove_dim=\dimen196
\l_MT_shortvdotswithinadjustbelow_dim=\dimen197
\l_MT_above_intertext_sep=\dimen198
\l_MT_below_intertext_sep=\dimen199
\l_MT_above_shortintertext_sep=\dimen256
\l_MT_below_shortintertext_sep=\dimen257
\xmathstrut@box=\box111
\xmathstrut@dim=\dimen258
)
(C:\Program Files\MiKTeX\tex/latex/ncctools\nccmath.sty
Package: nccmath 2006/01/20 v1.3 Additional Math Commands (NCC)
\NCC@fracrulewidth=\dimen259
)
(C:\Program Files\MiKTeX\tex/latex/cool\cool.sty
Package: cool 2023/05/03 v1.35 COntent Oriented LaTeX

(C:\Program Files\MiKTeX\tex/latex/coollist\coollist.sty
Package: coollist 2023/05/03 v1.4 COntent Oriented LaTeX Lists

(C:\Program Files\MiKTeX\tex/latex/coolstr\coolstr.sty
Package: coolstr 2009/09/09 v2.2 COntent Oriented LaTeX Strings
\c@COOL@strlen=\count475
\c@COOL@strpointer=\count476
\c@COOL@str@index=\count477
\c@COOL@str@start=\count478
\c@COOL@str@end=\count479
)
(C:\Program Files\MiKTeX\tex/latex/forloop\forloop.sty
Package: forloop 2023/05/03 v3.0 For Loops for LaTeX
)
\c@COOL@listlen=\count480
\c@COOL@listpointer=\count481
\c@COOL@intsum=\count482
\c@COOL@register@ct=\count483
\c@COOL@register@len=\count484
)
(C:\Program Files\MiKTeX\tex/latex/bbm\bbm.sty
Package: bbm 1999/03/15 V 1.2 provides fonts for set symbols - TH
LaTeX Font Info:    Overwriting math alphabet `\mathbbm' in version `bold'
(Font)                  U/bbm/m/n --> U/bbm/bx/n on input line 33.
LaTeX Font Info:    Overwriting math alphabet `\mathbbmss' in version `bold'
(Font)                  U/bbmss/m/n --> U/bbmss/bx/n on input line 35.
)
\c@COOL@ct=\count485
\c@COOL@ct@=\count486
\c@COOL@multideriv=\count487
\c@COOL@row=\count488
\c@COOL@col=\count489
)
Package csquotes Info: Checking for multilingual support...
Package csquotes Info: ... found 'babel' package.
Package csquotes Info: Adjusting default style.
Package csquotes Info: Redefining alias 'default' -> 'spanish'.
LaTeX Font Info:    Trying to load font information for OT1+ptm on input line 1
43.

(C:\Program Files\MiKTeX\tex/latex/psnfss\ot1ptm.fd
File: ot1ptm.fd 2001/06/04 font definitions for OT1/ptm.
)

LaTeX Warning: Unused global option(s):
    [times].

(tesis.aux
LaTeX Info: Redefining \. on input line 12.
LaTeX Info: Redefining \% on input line 12.
 (0/resumen.aux) (0/abstract.aux) (0/dedicacion.aux)
(0/agradecimientos.aux) (1/planteamiento.aux) (2/marco.aux

LaTeX Warning: Label `1:fig' multiply defined.


LaTeX Warning: Label `1:fig' multiply defined.


LaTeX Warning: Label `1:fig' multiply defined.


LaTeX Warning: Label `1:fig' multiply defined.


LaTeX Warning: Label `1:fig' multiply defined.


LaTeX Warning: Label `1:fig' multiply defined.


LaTeX Warning: Label `1:fig' multiply defined.


LaTeX Warning: Label `1:fig' multiply defined.


LaTeX Warning: Label `1:fig' multiply defined.


LaTeX Warning: Label `1:fig' multiply defined.

) (anexos/anexo.aux))
\openout1 = `tesis.aux'.

LaTeX Font Info:    Checking defaults for OML/cmm/m/it on input line 143.
LaTeX Font Info:    ... okay on input line 143.
LaTeX Font Info:    Checking defaults for OMS/cmsy/m/n on input line 143.
LaTeX Font Info:    ... okay on input line 143.
LaTeX Font Info:    Checking defaults for OT1/cmr/m/n on input line 143.
LaTeX Font Info:    ... okay on input line 143.
LaTeX Font Info:    Checking defaults for T1/cmr/m/n on input line 143.
LaTeX Font Info:    ... okay on input line 143.
LaTeX Font Info:    Checking defaults for TS1/cmr/m/n on input line 143.
LaTeX Font Info:    ... okay on input line 143.
LaTeX Font Info:    Checking defaults for OMX/cmex/m/n on input line 143.
LaTeX Font Info:    ... okay on input line 143.
LaTeX Font Info:    Checking defaults for U/cmr/m/n on input line 143.
LaTeX Font Info:    ... okay on input line 143.
LaTeX Font Info:    Checking defaults for PD1/pdf/m/n on input line 143.
LaTeX Font Info:    ... okay on input line 143.
LaTeX Font Info:    Checking defaults for PU/pdf/m/n on input line 143.
LaTeX Font Info:    ... okay on input line 143.

*geometry* driver: auto-detecting
*geometry* detected driver: pdftex
*geometry* verbose mode - [ preamble ] result:
* driver: pdftex
* paper: a4paper
* layout: <same size as paper>
* layoutoffset:(h,v)=(0.0pt,0.0pt)
* modes: 
* h-part:(L,W,R)=(72.2698pt, 452.96826pt, 72.2698pt)
* v-part:(T,H,B)=(72.2698pt, 700.50723pt, 72.2698pt)
* \paperwidth=597.50787pt
* \paperheight=845.04684pt
* \textwidth=452.96826pt
* \textheight=700.50723pt
* \oddsidemargin=-0.00018pt
* \evensidemargin=-0.00018pt
* \topmargin=-37.00018pt
* \headheight=12.0pt
* \headsep=25.0pt
* \topskip=12.0pt
* \footskip=30.0pt
* \marginparwidth=44.0pt
* \marginparsep=10.0pt
* \columnsep=20.0pt
* \skip\footins=10.8pt plus 4.0pt minus 2.0pt
* \hoffset=0.0pt
* \voffset=0.0pt
* \mag=1000
* \@twocolumnfalse
* \@twosidefalse
* \@mparswitchfalse
* \@reversemarginfalse
* (1in=72.27pt=25.4mm, 1cm=28.453pt)

LaTeX Info: Redefining \. on input line 143.
LaTeX Info: Redefining \% on input line 143.
Package biblatex Info: Trying to load language 'spanish' -> 'spanish-apa'...
Package biblatex Info: ... file 'spanish-apa.lbx' found.
(C:\Program Files\MiKTeX\tex/latex/biblatex-apa\spanish-apa.lbx
File: spanish-apa.lbx 2023/03/20 v9.17 APA biblatex localisation
Package biblatex Info: Trying to load language 'spanish'...
Package biblatex Info: ... file 'spanish.lbx' found.

(C:\Program Files\MiKTeX\tex/latex/biblatex/lbx\spanish.lbx
File: spanish.lbx 2024/03/21 v3.20 biblatex localization (PK/MW)
)
Package biblatex Info: Trying to load language 'spanish'...
Package biblatex Info: ... file 'spanish.lbx' found.

(C:\Program Files\MiKTeX\tex/latex/biblatex/lbx\spanish.lbx
File: spanish.lbx 2024/03/21 v3.20 biblatex localization (PK/MW)
))
Package biblatex Info: Input encoding 'utf8' detected.
Package biblatex Info: Automatic encoding selection.
(biblatex)             Assuming data encoding 'utf8'.
\openout3 = `tesis.bcf'.

Package biblatex Info: Trying to load bibliographic data...
Package biblatex Info: ... file 'tesis.bbl' found.
 (tesis.bbl)
Package biblatex Info: Reference section=0 on input line 143.
Package biblatex Info: Reference segment=0 on input line 143.
Package hyperref Info: Link coloring ON on input line 143.

(tesis.out) (tesis.out)
\@outlinefile=\write5
\openout5 = `tesis.out'.


(C:\Program Files\MiKTeX\tex/context/base/mkii\supp-pdf.mkii
[Loading MPS to PDF converter (version 2006.09.02).]
\scratchcounter=\count490
\scratchdimen=\dimen260
\scratchbox=\box112
\nofMPsegments=\count491
\nofMParguments=\count492
\everyMPshowfont=\toks34
\MPscratchCnt=\count493
\MPscratchDim=\dimen261
\MPnumerator=\count494
\makeMPintoPDFobject=\count495
\everyMPtoPDFconversion=\toks35
) (C:\Program Files\MiKTeX\tex/latex/epstopdf-pkg\epstopdf-base.sty
Package: epstopdf-base 2020-01-24 v2.11 Base part for package epstopdf
Package epstopdf-base Info: Redefining graphics rule for `.eps' on input line 4
85.

(C:\Program Files\MiKTeX\tex/latex/00miktex\epstopdf-sys.cfg
File: epstopdf-sys.cfg 2021/03/18 v2.0 Configuration of epstopdf for MiKTeX
))
Package caption Info: Begin \AtBeginDocument code.
Package caption Info: rotating package is loaded.
Package caption Info: End \AtBeginDocument code.

(C:\Program Files\MiKTeX\tex/latex/translations/dicts\translations-basic-dictio
nary-spanish.trsl
File: translations-basic-dictionary-spanish.trsl (spanish translation file `tra
nslations-basic-dictionary')
)
Package translations Info: loading dictionary `translations-basic-dictionary' f
or `spanish'. on input line 143.
<images_repo/esanlogomin.png, id=311, 100.6962pt x 100.2144pt>
File: images_repo/esanlogomin.png Graphic file (type png)
<use images_repo/esanlogomin.png>
Package pdftex.def Info: images_repo/esanlogomin.png  used on input line 149.
(pdftex.def)             Requested size: 203.83434pt x 202.87491pt.
 [1

{C:/Users/Elizabeth/AppData/Local/MiKTeX/fonts/map/pdftex/pdftex.map}{C:/Progra
m Files/MiKTeX/fonts/enc/dvips/base/8r.enc} <./images_repo/esanlogomin.png>]
\openout2 = `0/resumen.aux'.

 (0/resumen.tex
Underfull \hbox (badness 10000) in paragraph at lines 9--11

 []

)
pdfTeX warning (ext4): destination with the same identifier (name{page.1}) has 
been already used, duplicate ignored
<to be read again> 
                   \relax 
l.171 \include{0/resumen}
                          [1

]
\openout2 = `0/abstract.aux'.

 (0/abstract.tex
Underfull \hbox (badness 10000) in paragraph at lines 9--11

 []

) [2



]
\openout2 = `0/dedicacion.aux'.

 (0/dedicacion.tex) [3



]
\openout2 = `0/agradecimientos.aux'.

 (0/agradecimientos.tex
Underfull \hbox (badness 10000) in paragraph at lines 9--11

 []

) [4



] (tesis.toc
LaTeX Info: Redefining \sptext on input line 1.
LaTeX Info: Redefining \. on input line 1.
LaTeX Info: Redefining \% on input line 1.
LaTeX Font Info:    Trying to load font information for OT1+ztmcm on input line
 5.
 (C:\Program Files\MiKTeX\tex/latex/psnfss\ot1ztmcm.fd
File: ot1ztmcm.fd 2000/01/03 Fontinst v1.801 font definitions for OT1/ztmcm.
)
LaTeX Font Info:    Trying to load font information for OML+ztmcm on input line
 5.

(C:\Program Files\MiKTeX\tex/latex/psnfss\omlztmcm.fd
File: omlztmcm.fd 2000/01/03 Fontinst v1.801 font definitions for OML/ztmcm.
)
LaTeX Font Info:    Trying to load font information for OMS+ztmcm on input line
 5.

(C:\Program Files\MiKTeX\tex/latex/psnfss\omsztmcm.fd
File: omsztmcm.fd 2000/01/03 Fontinst v1.801 font definitions for OMS/ztmcm.
)
LaTeX Font Info:    Trying to load font information for OMX+ztmcm on input line
 5.

(C:\Program Files\MiKTeX\tex/latex/psnfss\omxztmcm.fd
File: omxztmcm.fd 2000/01/03 Fontinst v1.801 font definitions for OMX/ztmcm.
)
LaTeX Font Info:    Font shape `OT1/ptm/bx/n' in size <12> not available
(Font)              Font shape `OT1/ptm/b/n' tried instead on input line 5.
LaTeX Font Info:    Font shape `OT1/ptm/bx/n' in size <9> not available
(Font)              Font shape `OT1/ptm/b/n' tried instead on input line 5.
LaTeX Font Info:    Font shape `OT1/ptm/bx/n' in size <7> not available
(Font)              Font shape `OT1/ptm/b/n' tried instead on input line 5.
 [5



]

LaTeX Warning: Citation 'jain2021deep' on page 6 undefined on input line 26.


LaTeX Warning: Citation 'haggenmuller2021skin' on page 6 undefined on input lin
e 30.


LaTeX Warning: Citation 'ali_2021enhanced' on page 6 undefined on input line 34
.


Overfull \hbox (0.76022pt too wide) in paragraph at lines 34--34
 \OT1/ptm/m/n/12 lu-tio-nal neu-ral net-work with trans-fer lear-ning mo-dels (
[])[][] [][]  
 []


! LaTeX Error: Unicode character  (U+000B)
               not set up for use with LaTeX.

See the LaTeX manual or LaTeX Companion for explanation.
Type  H <return>  for immediate help.
 ...                                              
                                                  
l.38 ...{vargas_2021diseno}}{21}{subsection.2.1.4}
                                                  %
You may provide a definition with
\DeclareUnicodeCharacter 


LaTeX Warning: Citation 'vargas_2021diseno' on page 6 undefined on input line 3
8.


LaTeX Warning: Citation 'murugan_2021diagnosis' on page 6 undefined on input li
ne 42.


Overfull \hbox (65.1639pt too wide) in paragraph at lines 42--42
 [][] [][][]\OT1/ptm/m/n/12 Diagnosis of skin can-cer using ma-chi-ne lear-ning
 tech-ni-ques ([])[][] [][]  
 []


LaTeX Warning: Citation 'ali_2022multiclass' on page 6 undefined on input line 
46.


LaTeX Warning: Citation 'khater2023skin' on page 6 undefined on input line 50.


LaTeX Warning: Citation 'xin2022improved' on page 6 undefined on input line 54.



Overfull \hbox (48.19644pt too wide) in paragraph at lines 54--54
 [][] [][][]\OT1/ptm/m/n/12 An im-pro-ved trans-for-mer net-work for skin can-c
er clas-si-fi-ca-tion ([])[][] [][]  
 []


LaTeX Warning: Citation 'abdar2021uncertainty' on page 6 undefined on input lin
e 58.


LaTeX Warning: Citation 'chaturvedi2020multi' on page 6 undefined on input line
 62.

LaTeX Info: Redefining \sptext on input line 71.
LaTeX Info: Redefining \. on input line 71.
LaTeX Info: Redefining \% on input line 71.
[6])
\tf@toc=\write6
\openout6 = `tesis.toc'.

LaTeX Info: Redefining \. on input line 189.
LaTeX Info: Redefining \% on input line 189.
 [7] (tesis.lof
LaTeX Info: Redefining \sptext on input line 1.
LaTeX Info: Redefining \. on input line 1.
LaTeX Info: Redefining \% on input line 1.

Overfull \hbox (23.02138pt too wide) in paragraph at lines 5--5
 [][] [][][]\OT1/ptm/m/n/12 Metodo del pri-mer diag-nos-ti-co DEL CAN-CER.PERU 
2019-2022: [][][] [][]  
 []


Overfull \hbox (41.72955pt too wide) in paragraph at lines 9--9
 [][] [][][]\OT1/ptm/m/n/12 Resultados de mo-de-lo DCNN com-pa-ran-do-lo con ot
ros mo-de-los Fuen-te: [][][] [][]  
 []

)
\tf@lof=\write7
\openout7 = `tesis.lof'.

 [8

] (tesis.lot
LaTeX Info: Redefining \sptext on input line 1.
LaTeX Info: Redefining \. on input line 1.
LaTeX Info: Redefining \% on input line 1.
)
\tf@lot=\write8
\openout8 = `tesis.lot'.

 [9

]
\openout2 = `1/planteamiento.aux'.

 (1/planteamiento.tex
Cap\'{\i }tulo 1.
<1/figures/Grafico1DiagnosnitoCancer.JPG, id=452, 619.71526pt x 417.9615pt>
File: 1/figures/Grafico1DiagnosnitoCancer.JPG Graphic file (type jpg)
<use 1/figures/Grafico1DiagnosnitoCancer.JPG>
Package pdftex.def Info: 1/figures/Grafico1DiagnosnitoCancer.JPG  used on input
 line 9.
(pdftex.def)             Requested size: 339.7262pt x 229.13336pt.

LaTeX Warning: Citation 'stadisitc_cancer' on page 10 undefined on input line 1
0.


LaTeX Warning: Citation 'stadisitc_cancer' on page 10 undefined on input line 1
0.


LaTeX Warning: Citation 'OMS_cancer' on page 10 undefined on input line 16.

[10


 <./1/figures/Grafico1DiagnosnitoCancer.JPG>]
<1/figures/radiación_ultravioleta_peru.png, id=458, 1204.5pt x 1505.625pt>
File: 1/figures/radiación_ultravioleta_peru.png Graphic file (type png)
<use 1/figures/radiación_ultravioleta_peru.png>
Package pdftex.def Info: 1/figures/radiación_ultravioleta_peru.png  used on in
put line 29.
(pdftex.def)             Requested size: 226.48413pt x 283.10808pt.


LaTeX Warning: Citation 'SENAMHI_uv' on page 11 undefined on input line 30.


LaTeX Warning: Citation 'SENAMHI_uv' on page 11 undefined on input line 30.


LaTeX Warning: Citation 'SENAMHI_uv' on page 11 undefined on input line 37.


LaTeX Warning: Citation 'cancer_diagnostico' on page 11 undefined on input line
 37.

LaTeX Info: Redefining \. on input line 38.
LaTeX Info: Redefining \% on input line 38.
[11 <./1/figures/radiación_ultravioleta_peru.png>]
<1/figures/cancer_diagnostico.JPG, id=465, 837.72975pt x 386.6445pt>
File: 1/figures/cancer_diagnostico.JPG Graphic file (type jpg)
<use 1/figures/cancer_diagnostico.JPG>
Package pdftex.def Info: 1/figures/cancer_diagnostico.JPG  used on input line 4
3.
(pdftex.def)             Requested size: 362.37598pt x 167.25095pt.


LaTeX Warning: Citation 'cancer_diagnostico' on page 12 undefined on input line
 44.


LaTeX Warning: Citation 'cancer_diagnostico' on page 12 undefined on input line
 44.

LaTeX Info: Redefining \. on input line 68.
LaTeX Info: Redefining \% on input line 68.
[12 <./1/figures/cancer_diagnostico.JPG>]
LaTeX Info: Redefining \. on input line 126.
LaTeX Info: Redefining \% on input line 126.
 [13]
LaTeX Info: Redefining \. on input line 167.
LaTeX Info: Redefining \% on input line 167.
 [14]
LaTeX Info: Redefining \. on input line 196.
LaTeX Info: Redefining \% on input line 196.
 [15])
LaTeX Info: Redefining \. on input line 195.
LaTeX Info: Redefining \% on input line 195.
 [16]
\openout2 = `2/marco.aux'.

 (2/marco.tex
Cap\'{\i }tulo 2.
(2/1_antecedentes/antecedentes.tex

LaTeX Warning: Citation 'jain2021deep' on page 17 undefined on input line 5.


Package hyperref Warning: Token not allowed in a PDF string (Unicode):
(hyperref)                removing `\citep' on input line 5.


LaTeX Warning: Citation 'jain2021deep' on page 17 undefined on input line 6.


LaTeX Warning: Citation 'jain2021deep' on page 17 undefined on input line 6.

[17




]
<2/figuras/Deep_Learning_Based_Transfer_Learning_imagen_01.png, id=496, 426.844
68pt x 106.14656pt>
File: 2/figuras/Deep_Learning_Based_Transfer_Learning_imagen_01.png Graphic fil
e (type png)
<use 2/figuras/Deep_Learning_Based_Transfer_Learning_imagen_01.png>
Package pdftex.def Info: 2/figuras/Deep_Learning_Based_Transfer_Learning_imagen
_01.png  used on input line 36.
(pdftex.def)             Requested size: 452.96826pt x 112.65086pt.


LaTeX Warning: Citation 'jain2021deep' on page 18 undefined on input line 37.


LaTeX Warning: Citation 'jain2021deep' on page 18 undefined on input line 37.


LaTeX Warning: Citation 'haggenmuller2021skin' on page 18 undefined on input li
ne 47.


Overfull \hbox (34.98575pt too wide) in paragraph at lines 47--47
\OT1/ptm/b/n/14.4 ma-tic re-view of stu-dies in-vol-ving hu-man ex-perts ([]) 
 []


Package hyperref Warning: Token not allowed in a PDF string (Unicode):
(hyperref)                removing `\citep' on input line 47.


LaTeX Warning: Citation 'haggenmuller2021skin' on page 18 undefined on input li
ne 48.


LaTeX Warning: Citation 'haggenmuller2021skin' on page 18 undefined on input li
ne 48.


Overfull \hbox (9.31618pt too wide) in paragraph at lines 48--49
\OT1/ptm/m/n/12 la re-vis-ta []Eu-ro-pean Jour-nal of Can-cer[] en el a[]no 202
1. Es-te fue ti-tu-la-do []
 []

LaTeX Info: Redefining \. on input line 52.
LaTeX Info: Redefining \% on input line 52.
[18 <./2/figuras/Deep_Learning_Based_Transfer_Learning_imagen_01.png>]
<2/figuras/Skin_cancer_classification _imagen_01.png, id=503, 660.21657pt x 274
.02374pt>
File: 2/figuras/Skin_cancer_classification _imagen_01.png Graphic file (type pn
g)
<use 2/figuras/Skin_cancer_classification _imagen_01.png>
Package pdftex.def Info: 2/figuras/Skin_cancer_classification _imagen_01.png  u
sed on input line 76.
(pdftex.def)             Requested size: 452.96826pt x 188.01036pt.


LaTeX Warning: Citation 'haggenmuller2021skin' on page 19 undefined on input li
ne 77.


LaTeX Warning: Citation 'haggenmuller2021skin' on page 19 undefined on input li
ne 77.


LaTeX Warning: Citation 'ali_2021enhanced' on page 19 undefined on input line 8
9.


Overfull \hbox (53.27325pt too wide) in paragraph at lines 89--89
\OT1/ptm/b/n/14.4 vo-lu-tio-nal neu-ral net-work with trans-fer lear-ning mo-de
ls ([]) 
 []


Package hyperref Warning: Token not allowed in a PDF string (Unicode):
(hyperref)                removing `\citep' on input line 89.


Package hyperref Warning: Token not allowed in a PDF string (Unicode):
(hyperref)                removing `subscript' on input line 89.


LaTeX Warning: Citation 'ali_2021enhanced' on page 19 undefined on input line 9
0.


LaTeX Warning: Citation 'ali_2021enhanced' on page 19 undefined on input line 9
0.

LaTeX Info: Redefining \. on input line 91.
LaTeX Info: Redefining \% on input line 91.
[19 <./2/figuras/Skin_cancer_classification _imagen_01.png>]
Excluding 'comment' comment.
LaTeX Font Info:    Trying to load font information for U+lasy on input line 12
4.
 (C:\Program Files\MiKTeX\tex/latex/base\ulasy.fd
File: ulasy.fd 1998/08/17 v2.2e LaTeX symbol font definitions
)
LaTeX Info: Redefining \. on input line 134.
LaTeX Info: Redefining \% on input line 134.

[20]
<2/figuras/Problematica_An_enhanced_tecniques_imagen_01.png, id=514, 426.84468p
t x 106.89937pt>
File: 2/figuras/Problematica_An_enhanced_tecniques_imagen_01.png Graphic file (
type png)
<use 2/figuras/Problematica_An_enhanced_tecniques_imagen_01.png>
Package pdftex.def Info: 2/figuras/Problematica_An_enhanced_tecniques_imagen_01
.png  used on input line 137.
(pdftex.def)             Requested size: 452.96826pt x 113.44978pt.


LaTeX Warning: Citation 'ali_2021enhanced' on page 21 undefined on input line 1
38.


LaTeX Warning: Citation 'ali_2021enhanced' on page 21 undefined on input line 1
38.


Underfull \hbox (badness 5908) in paragraph at lines 138--138
[]\OT1/ptm/b/n/10.95 Figura 2.3: |\OT1/ptm/m/n/10.95 Re-sul-ta-dos de mo-de-lo 
DCNN com-pa-ran-do-lo con otros mo-de-los Fuen-te:
 []


! LaTeX Error: Unicode character  (U+000B)
               not set up for use with LaTeX.

See the LaTeX manual or LaTeX Companion for explanation.
Type  H <return>  for immediate help.
 ...                                              
                                                  
l.146 ...etworks (DNN) \citep*{vargas_2021diseno}}
                                                  
You may provide a definition with
\DeclareUnicodeCharacter 


LaTeX Warning: Citation 'vargas_2021diseno' on page 21 undefined on input line 
146.


Package hyperref Warning: Token not allowed in a PDF string (Unicode):
(hyperref)                removing `\citep' on input line 146.


Package hyperref Warning: Token not allowed in a PDF string (Unicode):
(hyperref)                removing `subscript' on input line 146.


LaTeX Warning: Citation 'vargas_2021diseno' on page 21 undefined on input line 
148.


LaTeX Warning: Citation 'vargas_2021diseno' on page 21 undefined on input line 
148.

Excluding 'comment' comment.
LaTeX Info: Redefining \. on input line 181.
LaTeX Info: Redefining \% on input line 181.
 [21 <./2/figuras/Problematica_An_enhanced_tecniques_imagen_01.png>]
<2/figuras/Design_tool_the_classification_imagen_01.png, id=520, 249.003pt x 20
3.889pt>
File: 2/figuras/Design_tool_the_classification_imagen_01.png Graphic file (type
 png)
<use 2/figuras/Design_tool_the_classification_imagen_01.png>
Package pdftex.def Info: 2/figuras/Design_tool_the_classification_imagen_01.png
  used on input line 192.
(pdftex.def)             Requested size: 271.7837pt x 222.5426pt.


LaTeX Warning: Citation 'vargas_2021diseno' on page 22 undefined on input line 
193.


LaTeX Warning: Citation 'vargas_2021diseno' on page 22 undefined on input line 
193.


LaTeX Warning: `h' float specifier changed to `ht'.


LaTeX Warning: Citation 'murugan_2021diagnosis' on page 22 undefined on input l
ine 203.


Overfull \hbox (111.5492pt too wide) in paragraph at lines 203--203
[]\OT1/ptm/b/n/14.4 Diagnosis of skin can-cer using ma-chi-ne lear-ning tech-ni
-ques ([]) 
 []


Package hyperref Warning: Token not allowed in a PDF string (Unicode):
(hyperref)                removing `\citep' on input line 203.


Package hyperref Warning: Token not allowed in a PDF string (Unicode):
(hyperref)                removing `subscript' on input line 203.


LaTeX Warning: Citation 'murugan_2021diagnosis' on page 22 undefined on input l
ine 205.


LaTeX Warning: Citation 'murugan_2021diagnosis' on page 22 undefined on input l
ine 205.


Overfull \hbox (66.66309pt too wide) in paragraph at lines 205--206
\OT1/ptm/m/n/12 en la re-vis-ta []Mi-cro-pro-ces-sors and Mi-crosys-tems[] en e
l a[]no 2021. Es-te fue ti-tu-la-do []
 []

LaTeX Info: Redefining \. on input line 213.
LaTeX Info: Redefining \% on input line 213.
[22] Excluding 'comment' comment.
LaTeX Info: Redefining \. on input line 271.
LaTeX Info: Redefining \% on input line 271.
 [23 <./2/figuras/Design_tool_the_classification_imagen_01.png>]
<2/figuras/Tecnica_Diagnosis_skin_cancer_imagen_01.png, id=530, 325.96782pt x 8
8.83188pt>
File: 2/figuras/Tecnica_Diagnosis_skin_cancer_imagen_01.png Graphic file (type 
png)
<use 2/figuras/Tecnica_Diagnosis_skin_cancer_imagen_01.png>
Package pdftex.def Info: 2/figuras/Tecnica_Diagnosis_skin_cancer_imagen_01.png 
 used on input line 281.
(pdftex.def)             Requested size: 271.7837pt x 74.072pt.


LaTeX Warning: Citation 'murugan_2021diagnosis' on page 24 undefined on input l
ine 282.


LaTeX Warning: Citation 'murugan_2021diagnosis' on page 24 undefined on input l
ine 282.


LaTeX Warning: Citation 'ali_2022multiclass' on page 24 undefined on input line
 292.


Package hyperref Warning: Token not allowed in a PDF string (Unicode):
(hyperref)                removing `\citep' on input line 292.


Package hyperref Warning: Token not allowed in a PDF string (Unicode):
(hyperref)                removing `subscript' on input line 292.


LaTeX Warning: Citation 'ali_2022multiclass' on page 24 undefined on input line
 293.


LaTeX Warning: Citation 'ali_2022multiclass' on page 24 undefined on input line
 293.

LaTeX Info: Redefining \. on input line 301.
LaTeX Info: Redefining \% on input line 301.
[24 <./2/figuras/Tecnica_Diagnosis_skin_cancer_imagen_01.png>]
Excluding 'comment' comment.
<2/figuras/Multiclass_skin_cancer_imagen_01.png, id=537, 347.04657pt x 133.2478
2pt>
File: 2/figuras/Multiclass_skin_cancer_imagen_01.png Graphic file (type png)
<use 2/figuras/Multiclass_skin_cancer_imagen_01.png>
Package pdftex.def Info: 2/figuras/Multiclass_skin_cancer_imagen_01.png  used o
n input line 342.
(pdftex.def)             Requested size: 317.0764pt x 121.74568pt.


LaTeX Warning: Citation 'ali_2022multiclass' on page 25 undefined on input line
 343.


LaTeX Warning: Citation 'ali_2022multiclass' on page 25 undefined on input line
 343.


LaTeX Warning: `h' float specifier changed to `ht'.


LaTeX Warning: Citation 'khater2023skin' on page 25 undefined on input line 348
.


Package hyperref Warning: Token not allowed in a PDF string (Unicode):
(hyperref)                removing `\citep' on input line 348.


LaTeX Warning: Citation 'khater2023skin' on page 25 undefined on input line 349
.


LaTeX Warning: Citation 'khater2023skin' on page 25 undefined on input line 349
.

LaTeX Info: Redefining \. on input line 350.
LaTeX Info: Redefining \% on input line 350.
[25] Excluding 'comment' comment.
<2/figuras/Skin_cancer_classification_imagen_01.png, id=542, 385.221pt x 186.80
7pt>
File: 2/figuras/Skin_cancer_classification_imagen_01.png Graphic file (type png
)
<use 2/figuras/Skin_cancer_classification_imagen_01.png>
Package pdftex.def Info: 2/figuras/Skin_cancer_classification_imagen_01.png  us
ed on input line 399.
(pdftex.def)             Requested size: 226.48413pt x 109.83037pt.


LaTeX Warning: Citation 'ali_2022multiclass' on page 26 undefined on input line
 400.


LaTeX Warning: Citation 'ali_2022multiclass' on page 26 undefined on input line
 400.

LaTeX Info: Redefining \. on input line 403.
LaTeX Info: Redefining \% on input line 403.
[26 <./2/figuras/Multiclass_skin_cancer_imagen_01.png>]

LaTeX Warning: Citation 'xin2022improved' on page 27 undefined on input line 40
9.


Package hyperref Warning: Token not allowed in a PDF string (Unicode):
(hyperref)                removing `\citep' on input line 409.


LaTeX Warning: Citation 'xin2022improved' on page 27 undefined on input line 41
0.


LaTeX Warning: Citation 'xin2022improved' on page 27 undefined on input line 41
0.


Overfull \hbox (2.53635pt too wide) in paragraph at lines 410--411
\OT1/ptm/m/n/12 vis-ta []Com-pu-ters in Bio-logy and Me-di-ci-ne[] en el a[]no 
2022. Es-te fue ti-tu-la-do []
 []

LaTeX Info: Redefining \. on input line 438.
LaTeX Info: Redefining \% on input line 438.
[27 <./2/figuras/Skin_cancer_classification_imagen_01.png>]
<2/figuras/An_improved_transformer_network _imagen_01.png, id=553, 359.84438pt 
x 128.73094pt>
File: 2/figuras/An_improved_transformer_network _imagen_01.png Graphic file (ty
pe png)
<use 2/figuras/An_improved_transformer_network _imagen_01.png>
Package pdftex.def Info: 2/figuras/An_improved_transformer_network _imagen_01.p
ng  used on input line 450.
(pdftex.def)             Requested size: 226.48413pt x 81.02429pt.


LaTeX Warning: Citation 'xin2022improved' on page 28 undefined on input line 45
1.


LaTeX Warning: Citation 'xin2022improved' on page 28 undefined on input line 45
1.


LaTeX Warning: Citation 'abdar2021uncertainty' on page 28 undefined on input li
ne 459.


Overfull \hbox (3.16202pt too wide) in paragraph at lines 459--459
\OT1/ptm/b/n/14.4 way decision-based Ba-ye-sian deep lear-ning ([]) 
 []


Package hyperref Warning: Token not allowed in a PDF string (Unicode):
(hyperref)                removing `\citep' on input line 459.


LaTeX Warning: Citation 'abdar2021uncertainty' on page 28 undefined on input li
ne 460.


LaTeX Warning: Citation 'abdar2021uncertainty' on page 28 undefined on input li
ne 460.


Overfull \hbox (47.61972pt too wide) in paragraph at lines 460--461
\OT1/ptm/m/n/12 la re-vis-ta []Com-pu-ters in Bio-logy and Me-di-ci-ne[] en el 
a[]no 2022. Es-te fue ti-tu-la-do []
 []

LaTeX Info: Redefining \. on input line 461.
LaTeX Info: Redefining \% on input line 461.
[28 <./2/figuras/An_improved_transformer_network _imagen_01.png>]
LaTeX Info: Redefining \. on input line 486.
LaTeX Info: Redefining \% on input line 486.
 [29]
<2/figuras/Uncertainty_quantification_skin _imagen_01.png, id=563, 1111.7535pt 
x 175.25475pt>
File: 2/figuras/Uncertainty_quantification_skin _imagen_01.png Graphic file (ty
pe png)
<use 2/figuras/Uncertainty_quantification_skin _imagen_01.png>
Package pdftex.def Info: 2/figuras/Uncertainty_quantification_skin _imagen_01.p
ng  used on input line 493.
(pdftex.def)             Requested size: 362.37598pt x 57.12291pt.


LaTeX Warning: Citation 'abdar2021uncertainty' on page 30 undefined on input li
ne 494.


LaTeX Warning: Citation 'abdar2021uncertainty' on page 30 undefined on input li
ne 494.


LaTeX Warning: Citation 'chaturvedi2020multi' on page 30 undefined on input lin
e 500.


Package hyperref Warning: Token not allowed in a PDF string (Unicode):
(hyperref)                removing `\citep' on input line 500.


LaTeX Warning: Citation 'chaturvedi2020multi' on page 30 undefined on input lin
e 501.


LaTeX Warning: Citation 'chaturvedi2020multi' on page 30 undefined on input lin
e 501.

LaTeX Info: Redefining \. on input line 523.
LaTeX Info: Redefining \% on input line 523.
[30 <./2/figuras/Uncertainty_quantification_skin _imagen_01.png>]
<2/figuras/An_improved_network_skin_cancer_classification_imagen_01.png, id=570
, 1046.10825pt x 432.4155pt>
File: 2/figuras/An_improved_network_skin_cancer_classification_imagen_01.png Gr
aphic file (type png)
<use 2/figuras/An_improved_network_skin_cancer_classification_imagen_01.png>
Package pdftex.def Info: 2/figuras/An_improved_network_skin_cancer_classificati
on_imagen_01.png  used on input line 534.
(pdftex.def)             Requested size: 362.37598pt x 149.79053pt.


LaTeX Warning: Citation 'chaturvedi2020multi' on page 31 undefined on input lin
e 535.


LaTeX Warning: Citation 'chaturvedi2020multi' on page 31 undefined on input lin
e 535.

) (2/2_teoria/base_teo.tex) (2/3_conceptos/marc_conceptual.tex))
LaTeX Info: Redefining \. on input line 196.
LaTeX Info: Redefining \% on input line 196.
 [31 <./2/figuras/An_improved_network_skin_cancer_classification_imagen_01.png>
]
LaTeX Info: Redefining \. on input line 196.
LaTeX Info: Redefining \% on input line 196.
 [32] [33




]
\openout2 = `anexos/anexo.aux'.


(anexos/anexo.tex
Anexos A.
<images_repo/Anexo/Problem Tree Template.jpg, id=584, 1553.805pt x 1116.17pt>
File: images_repo/Anexo/Problem Tree Template.jpg Graphic file (type jpg)
<use images_repo/Anexo/Problem Tree Template.jpg>
Package pdftex.def Info: images_repo/Anexo/Problem Tree Template.jpg  used on i
nput line 5.
(pdftex.def)             Requested size: 362.37598pt x 260.30731pt.
[34


 <./images_repo/Anexo/Problem Tree Template.jpg>]
Anexos B.
<images_repo/Anexo/Árbol de Objetivos.jpg, id=589, 1459.4525pt x 1188.44pt>
File: images_repo/Anexo/Árbol de Objetivos.jpg Graphic file (type jpg)
<use images_repo/Anexo/Árbol de Objetivos.jpg>
Package pdftex.def Info: images_repo/Anexo/Árbol de Objetivos.jpg  used on inp
ut line 17.
(pdftex.def)             Requested size: 362.37598pt x 295.07825pt.
[35

 <./images_repo/Anexo/Árbol de Objetivos.jpg>]
Anexos C.
LaTeX Font Info:    Font shape `OT1/ptm/bx/n' in size <10.95> not available
(Font)              Font shape `OT1/ptm/b/n' tried instead on input line 31.
LaTeX Font Info:    Font shape `OT1/ptm/bx/n' in size <8> not available
(Font)              Font shape `OT1/ptm/b/n' tried instead on input line 31.
LaTeX Font Info:    Font shape `OT1/ptm/bx/n' in size <6> not available
(Font)              Font shape `OT1/ptm/b/n' tried instead on input line 31.

Underfull \hbox (badness 2343) in paragraph at lines 39--39
[]|\OT1/ptm/m/n/10.95 La apli-ca-ci[]on de t[]ecni-cas de
 []


Underfull \hbox (badness 3375) in paragraph at lines 46--46
\OT1/ptm/m/n/10.95 Lear-ning en la de-tec-ci[]on de
 []


Underfull \hbox (badness 3826) in paragraph at lines 46--46
[]|\OT1/ptm/m/n/10.95 Realizar un eva-lu-ci[]on dras-ti-
 []


Underfull \hbox (badness 1515) in paragraph at lines 46--46
\OT1/ptm/m/n/10.95 ca ha-cie-do uso de las m[]etri-
 []


Underfull \hbox (badness 1077) in paragraph at lines 48--48
[]|\OT1/ptm/m/n/10.95 Identificar los ti-pos de rui-dos
 []


Underfull \hbox (badness 1917) in paragraph at lines 52--52
\OT1/ptm/m/n/10.95 den afec-tar los me-la-no-mas y
 []


Underfull \hbox (badness 3078) in paragraph at lines 52--53
[]|\OT1/ptm/m/n/10.95 Influencia de las con-di-cio-nes
 []


Overfull \hbox (11.42305pt too wide) in paragraph at lines 31--55
 [][] 
 []


LaTeX Warning: Float too large for page by 179.81444pt on input line 57.


LaTeX Warning: `!h' float specifier changed to `!ht'.

[36

]
LaTeX Info: Redefining \. on input line 61.
LaTeX Info: Redefining \% on input line 61.
 [37]
Anexos D.
LaTeX Font Info:    Font shape `OT1/ptm/bx/n' in size <10> not available
(Font)              Font shape `OT1/ptm/b/n' tried instead on input line 69.
LaTeX Font Info:    Font shape `OT1/ptm/bx/n' in size <7.4> not available
(Font)              Font shape `OT1/ptm/b/n' tried instead on input line 69.
LaTeX Font Info:    Trying to load font information for TS1+ptm on input line 7
1.
(C:\Program Files\MiKTeX\tex/latex/psnfss\ts1ptm.fd
File: ts1ptm.fd 2001/06/04 font definitions for TS1/ptm.
)
Overfull \hbox (1.37367pt too wide) in paragraph at lines 73--73
[]|[]| 
 []


Underfull \hbox (badness 10000) in paragraph at lines 73--73
[]|\OT1/ptm/m/n/10 Deep Learning-Based
 []


Underfull \hbox (badness 10000) in paragraph at lines 73--73
[]|\OT1/ptm/m/n/10 Satin, J. ,
 []


Underfull \hbox (badness 10000) in paragraph at lines 73--73
\OT1/ptm/m/n/10 Udit, S.,
 []


Underfull \hbox (badness 10000) in paragraph at lines 73--73
\OT1/ptm/m/n/10 Ba-la-krush-na,
 []


Underfull \hbox (badness 2088) in paragraph at lines 73--73
\OT1/ptm/m/n/10 Moha-med K.
 []


Overfull \hbox (2.92818pt too wide) in paragraph at lines 73--73
[]|\OT1/ptm/m/n/10 2021| 
 []


Underfull \hbox (badness 6658) in paragraph at lines 75--75
[]|\OT1/ptm/m/n/10 Skin can-cer clas-si-fi-ca-tion
 []


! LaTeX Error: Unicode character ̈ (U+0308)
               not set up for use with LaTeX.

See the LaTeX manual or LaTeX Companion for explanation.
Type  H <return>  for immediate help.
 ...                                              
                                                  
l.75 ...                          & S. Haggenmu ̈
                                                  ller, A. Hekler, R.C. Maro...

You may provide a definition with
\DeclareUnicodeCharacter 


Underfull \hbox (badness 10000) in paragraph at lines 75--75
[]|\OT1/ptm/m/n/10 S. Hag-gen-
 []


Underfull \hbox (badness 10000) in paragraph at lines 75--75
\OT1/ptm/m/n/10 mu ller, A.
 []


Underfull \hbox (badness 10000) in paragraph at lines 75--75
\OT1/ptm/m/n/10 He-kler, R.C.
 []


Underfull \hbox (badness 2856) in paragraph at lines 75--75
\OT1/ptm/m/n/10 V.M. Ro-tem-
 []


Overfull \hbox (2.92818pt too wide) in paragraph at lines 75--75
[]|\OT1/ptm/m/n/10 2021| 
 []


Overfull \hbox (1.37367pt too wide) in paragraph at lines 77--78
[]|[]| 
 []


Underfull \hbox (badness 10000) in paragraph at lines 78--78
\OT1/ptm/m/n/10 skin can-cer clas-si-fi-ca-tion
 []


Underfull \hbox (badness 10000) in paragraph at lines 78--78
\OT1/ptm/m/n/10 using deep con-vo-lu-tio-nal
 []


Underfull \hbox (badness 10000) in paragraph at lines 78--78
[]|\OT1/ptm/m/n/10 Md Shahin
 []


Underfull \hbox (badness 10000) in paragraph at lines 78--78
\OT1/ptm/m/n/10 Ha-que, Md
 []


Underfull \hbox (badness 10000) in paragraph at lines 78--78
\OT1/ptm/m/n/10 Mah-bu-bur
 []


Overfull \hbox (2.92818pt too wide) in paragraph at lines 78--78
[]|\OT1/ptm/m/n/10 2021| 
 []


Underfull \hbox (badness 10000) in paragraph at lines 78--78
[]|\OT1/ptm/m/n/10 Rep[]ubli-ca
 []


Underfull \hbox (badness 10000) in paragraph at lines 78--79
[]|\OT1/ptm/m/n/10 Machine Lear-ning
 []


Underfull \hbox (badness 10000) in paragraph at lines 78--79
\OT1/ptm/m/n/10 with Ap-pli-ca-tions,
 []


! LaTeX Error: Unicode character  (U+000B)
               not set up for use with LaTeX.

See the LaTeX manual or LaTeX Companion for explanation.
Type  H <return>  for immediate help.
 ...                                              
                                                  
l.80 ... the classification of skin cancer images
                                                  using Deep Neural Networks...

You may provide a definition with
\DeclareUnicodeCharacter 


Underfull \hbox (badness 10000) in paragraph at lines 80--80
[]|\OT1/ptm/m/n/10 Diana Pao-la
 []


Underfull \hbox (badness 10000) in paragraph at lines 80--80
\OT1/ptm/m/n/10 Merch[]an
 []


Underfull \hbox (badness 10000) in paragraph at lines 80--80
\OT1/ptm/m/n/10 Var-gas, He-
 []


Underfull \hbox (badness 10000) in paragraph at lines 80--80
\OT1/ptm/m/n/10 lis Na-va-rro
 []


Underfull \hbox (badness 10000) in paragraph at lines 80--80
\OT1/ptm/m/n/10 B[]aez, Jai-me
 []


Underfull \hbox (badness 10000) in paragraph at lines 80--80
\OT1/ptm/m/n/10 Gui-ller-mo
 []


Underfull \hbox (badness 10000) in paragraph at lines 80--80
\OT1/ptm/m/n/10 y Jey-son
 []


Overfull \hbox (2.92818pt too wide) in paragraph at lines 80--80
[]|\OT1/ptm/m/n/10 2021| 
 []


Underfull \hbox (badness 10000) in paragraph at lines 80--81
[]|[]\OT1/ptm/m/n/10 iencia y Tec-no-
 []


Underfull \hbox (badness 7869) in paragraph at lines 80--81
\OT1/ptm/m/n/10 log[]^^Pa", n[]ume-ro 21
 []


Overfull \hbox (1.37367pt too wide) in paragraph at lines 83--84
[]|[]| 
 []


Underfull \hbox (badness 3861) in paragraph at lines 84--84
[]|\OT1/ptm/m/n/10 Diagnosis of skin can-cer
 []


Underfull \hbox (badness 10000) in paragraph at lines 84--84
\OT1/ptm/m/n/10 using ma-chi-ne lear-ning
 []


Underfull \hbox (badness 5119) in paragraph at lines 84--84
[]|\OT1/ptm/m/n/10 A. Mu-ru-gan,
 []


Underfull \hbox (badness 10000) in paragraph at lines 84--84
\OT1/ptm/m/n/10 S. Anu H.
 []


Underfull \hbox (badness 7168) in paragraph at lines 84--84
\OT1/ptm/m/n/10 Nair y K.P.
 []


Overfull \hbox (2.92818pt too wide) in paragraph at lines 84--84
[]|\OT1/ptm/m/n/10 2021| 
 []


Underfull \hbox (badness 10000) in paragraph at lines 84--85
\OT1/ptm/m/n/10 Mi-crosys-tems en
 []


Underfull \hbox (badness 8038) in paragraph at lines 90--90
\OT1/ptm/m/n/10 si-fi-ca-tion using Ef-fi-cient-
 []


Underfull \hbox (badness 2326) in paragraph at lines 90--90
[]|\OT1/ptm/m/n/10 K. Ali, Z.A.
 []


Underfull \hbox (badness 3029) in paragraph at lines 90--90
\OT1/ptm/m/n/10 Shaikh, A.A.
 []


Underfull \hbox (badness 10000) in paragraph at lines 90--90
\OT1/ptm/m/n/10 Khan, S.
 []


Underfull \hbox (badness 10000) in paragraph at lines 90--90
\OT1/ptm/m/n/10 Rathod, S.
 []


Overfull \hbox (2.92818pt too wide) in paragraph at lines 90--90
[]|\OT1/ptm/m/n/10 2022| 
 []


Underfull \hbox (badness 6658) in paragraph at lines 92--92
[]|\OT1/ptm/m/n/10 Skin can-cer clas-si-fi-ca-tion
 []


Underfull \hbox (badness 1796) in paragraph at lines 92--92
\OT1/ptm/m/n/10 using ex-plai-na-ble ar-ti-fi-cial
 []


Underfull \hbox (badness 10000) in paragraph at lines 92--92
[]|\OT1/ptm/m/n/10 Khater, T.,
 []


Underfull \hbox (badness 10000) in paragraph at lines 92--92
\OT1/ptm/m/n/10 An-sa-ri, S.,
 []


Underfull \hbox (badness 10000) in paragraph at lines 92--92
\OT1/ptm/m/n/10 Hus-sain, A.,
 []


Overfull \hbox (2.92818pt too wide) in paragraph at lines 92--92
[]|\OT1/ptm/m/n/10 2017| 
 []


Underfull \hbox (badness 10000) in paragraph at lines 92--92
[]|\OT1/ptm/m/n/10 Miratos
 []


Underfull \hbox (badness 10000) in paragraph at lines 92--92
[]\OT1/ptm/m/n/10 Ara-bes
 []


Underfull \hbox (badness 10000) in paragraph at lines 92--94
[]|\OT1/ptm/m/n/10 revista []Inte-lli-
 []


Underfull \hbox (badness 6412) in paragraph at lines 92--94
\OT1/ptm/m/n/10 gent Sys-tems with
 []


Underfull \hbox (badness 10000) in paragraph at lines 92--94
\OT1/ptm/m/n/10 Applications.[] el
 []


Underfull \hbox (badness 4819) in paragraph at lines 92--94
\OT1/ptm/m/n/10 a[]no 2023 As-so-cia-
 []


Underfull \hbox (badness 2426) in paragraph at lines 92--94
\OT1/ptm/m/n/10 tion of Au-to-ma-tion
 []


Underfull \hbox (badness 6252) in paragraph at lines 95--96
[]|\OT1/ptm/m/n/10 An im-pro-ved trans-for-mer
 []


Underfull \hbox (badness 10000) in paragraph at lines 96--96
[]|\OT1/ptm/m/n/10 C. Xin, Y.
 []


Underfull \hbox (badness 10000) in paragraph at lines 96--96
\OT1/ptm/m/n/10 Wang, G.
 []


Underfull \hbox (badness 10000) in paragraph at lines 96--96
\OT1/ptm/m/n/10 Wang, X.
 []


Underfull \hbox (badness 10000) in paragraph at lines 96--96
\OT1/ptm/m/n/10 Zhao, Y.
 []


Underfull \hbox (badness 10000) in paragraph at lines 96--96
\OT1/ptm/m/n/10 Dong y M.
 []


Overfull \hbox (2.92818pt too wide) in paragraph at lines 96--96
[]|\OT1/ptm/m/n/10 2022| 
 []


Underfull \hbox (badness 4805) in paragraph at lines 96--97
[]|\OT1/ptm/m/n/10 Computers in Bio-
 []


Underfull \hbox (badness 10000) in paragraph at lines 98--98
[]|\OT1/ptm/m/n/10 Uncertainty quan-ti-fi-ca-tion
 []


Underfull \hbox (badness 10000) in paragraph at lines 98--98
\OT1/ptm/m/n/10 in skin can-cer clas-si-fi-
 []


Underfull \hbox (badness 10000) in paragraph at lines 98--98
\OT1/ptm/m/n/10 ca-tion using three-way
 []


Underfull \hbox (badness 10000) in paragraph at lines 98--98
\OT1/ptm/m/n/10 decision-based Ba-ye-sian
 []


Underfull \hbox (badness 10000) in paragraph at lines 98--98
\OT1/ptm/m/n/10 Pour-pa-nah,
 []


Underfull \hbox (badness 10000) in paragraph at lines 98--98
\OT1/ptm/m/n/10 S. Hus-sain,
 []


Underfull \hbox (badness 10000) in paragraph at lines 98--98
\OT1/ptm/m/n/10 D. Re-za-za-
 []


Underfull \hbox (badness 10000) in paragraph at lines 98--98
\OT1/ptm/m/n/10 de-gan, L.
 []


Underfull \hbox (badness 10000) in paragraph at lines 98--98
\OT1/ptm/m/n/10 vam-za-deh,
 []


Underfull \hbox (badness 10000) in paragraph at lines 98--98
\OT1/ptm/m/n/10 P. Fie-guth,
 []


Underfull \hbox (badness 10000) in paragraph at lines 98--98
\OT1/ptm/m/n/10 X. Cao, A.
 []


Underfull \hbox (badness 10000) in paragraph at lines 98--98
\OT1/ptm/m/n/10 Khos-ra-vi y
 []


Overfull \hbox (2.92818pt too wide) in paragraph at lines 98--98
[]|\OT1/ptm/m/n/10 2021| 
 []


Underfull \hbox (badness 4805) in paragraph at lines 98--99
[]|\OT1/ptm/m/n/10 Computers in Bio-
 []


Overfull \hbox (1.4641pt too wide) in paragraph at lines 100--100
[]|\OT1/ptm/m/n/10 10| 
 []


Underfull \hbox (badness 1168) in paragraph at lines 100--100
[]|\OT1/ptm/m/n/10 A multi-class skin Can-cer
 []


Underfull \hbox (badness 10000) in paragraph at lines 100--100
\OT1/ptm/m/n/10 clas-si-fi-ca-tion using deep
 []


Underfull \hbox (badness 10000) in paragraph at lines 100--100
\OT1/ptm/m/n/10 con-vo-lu-tio-nal neu-ral net-
 []


Underfull \hbox (badness 10000) in paragraph at lines 100--100
[]|\OT1/ptm/m/n/10 Saket S.
 []


Underfull \hbox (badness 10000) in paragraph at lines 100--100
\OT1/ptm/m/n/10 Cha-tur-ve-di,
 []


Underfull \hbox (badness 10000) in paragraph at lines 100--100
\OT1/ptm/m/n/10 Ji-ten-dra V.
 []


Underfull \hbox (badness 10000) in paragraph at lines 100--100
\OT1/ptm/m/n/10 Tembhur-ne,
 []


Underfull \hbox (badness 10000) in paragraph at lines 100--100
\OT1/ptm/m/n/10 Tau-sif Di-
 []


Overfull \hbox (2.92818pt too wide) in paragraph at lines 100--100
[]|\OT1/ptm/m/n/10 2020| 
 []


Underfull \hbox (badness 10000) in paragraph at lines 100--101
[]|\OT1/ptm/m/n/10 Springer Scien-
 []


Underfull \hbox (badness 3128) in paragraph at lines 100--101
\OT1/ptm/m/n/10 ce+Business Me-dia,
 []


LaTeX Warning: Float too large for page by 389.97508pt on input line 105.


LaTeX Warning: `h' float specifier changed to `ht'.

) [38

]
LaTeX Info: Redefining \. on input line 209.
LaTeX Info: Redefining \% on input line 209.
 [39]

LaTeX Warning: Empty bibliography on input line 214.

(tesis.aux
LaTeX Info: Redefining \sptext on input line 12.
LaTeX Info: Redefining \. on input line 12.
LaTeX Info: Redefining \% on input line 12.
 (0/resumen.aux) (0/abstract.aux) (0/dedicacion.aux)
(0/agradecimientos.aux) (1/planteamiento.aux) (2/marco.aux) (anexos/anexo.aux))
 ***********
LaTeX2e <2023-11-01> patch level 1
L3 programming layer <2024-03-14>
 ***********

LaTeX Warning: There were undefined references.


LaTeX Warning: There were multiply-defined labels.

Package rerunfilecheck Info: File `tesis.out' has not changed.
(rerunfilecheck)             Checksum: 7759514AB9658A150F1E7B677830AE3E;19706.

Package biblatex Warning: Please (re)run Biber on the file:
(biblatex)                tesis
(biblatex)                and rerun LaTeX afterwards.

Package logreq Info: Writing requests to 'tesis.run.xml'.
\openout1 = `tesis.run.xml'.

 ) 
Here is how much of TeX's memory you used:
 29281 strings out of 474423
 568715 string characters out of 5751521
 1961496 words of memory out of 5000000
 51058 multiletter control sequences out of 15000+600000
 603177 words of font info for 129 fonts, out of 8000000 for 9000
 1141 hyphenation exceptions out of 8191
 66i,32n,84p,1284b,3514s stack positions out of 10000i,1000n,20000p,200000b,200000s
<C:/Program Files/MiKTeX/fonts/type1/public/amsfonts/cm/cmsy10.pfb><C:/Progra
m Files/MiKTeX/fonts/type1/public/amsfonts/latxfont/lasy10.pfb><C:/Program File
s/MiKTeX/fonts/type1/urw/times/utmb8a.pfb><C:/Program Files/MiKTeX/fonts/type1/
urw/times/utmr8a.pfb>
Output written on tesis.pdf (40 pages, 1872198 bytes).
PDF statistics:
 662 PDF objects out of 1000 (max. 8388607)
 135 named destinations out of 1000 (max. 500000)
 697 words of extra memory for PDF output out of 10000 (max. 10000000)

