\BOOKMARK [0][-]{chapter*.2}{\376\377\000\315\000n\000d\000i\000c\000e\000\040\000d\000e\000\040\000F\000i\000g\000u\000r\000a\000s}{}% 1
\BOOKMARK [0][-]{chapter*.3}{\376\377\000\315\000n\000d\000i\000c\000e\000\040\000d\000e\000\040\000T\000a\000b\000l\000a\000s}{}% 2
\BOOKMARK [0][-]{chapter.1}{\376\377\000P\000L\000A\000N\000T\000E\000A\000M\000I\000E\000N\000T\000O\000\040\000D\000E\000L\000\040\000P\000R\000O\000B\000L\000E\000M\000A}{}% 3
\BOOKMARK [1][-]{section.1.1}{\376\377\000D\000e\000s\000c\000r\000i\000p\000c\000i\000\363\000n\000\040\000d\000e\000\040\000l\000a\000\040\000R\000e\000a\000l\000i\000d\000a\000d\000\040\000P\000r\000o\000b\000l\000e\000m\000\341\000t\000i\000c\000a}{chapter.1}% 4
\BOOKMARK [1][-]{section.1.2}{\376\377\000F\000o\000r\000m\000u\000l\000a\000c\000i\000\363\000n\000\040\000d\000e\000l\000\040\000P\000r\000o\000b\000l\000e\000m\000a}{chapter.1}% 5
\BOOKMARK [2][-]{subsection.1.2.1}{\376\377\000P\000r\000o\000b\000l\000e\000m\000a\000\040\000G\000e\000n\000e\000r\000a\000l}{section.1.2}% 6
\BOOKMARK [2][-]{subsection.1.2.2}{\376\377\000P\000r\000o\000b\000l\000e\000m\000a\000s\000\040\000E\000s\000p\000e\000c\000\355\000f\000i\000c\000o\000s}{section.1.2}% 7
\BOOKMARK [1][-]{section.1.3}{\376\377\000O\000b\000j\000e\000t\000i\000v\000o\000s\000\040\000d\000e\000\040\000l\000a\000\040\000I\000n\000v\000e\000s\000t\000i\000g\000a\000c\000i\000\363\000n}{chapter.1}% 8
\BOOKMARK [2][-]{subsection.1.3.1}{\376\377\000O\000b\000j\000e\000t\000i\000v\000o\000\040\000G\000e\000n\000e\000r\000a\000l}{section.1.3}% 9
\BOOKMARK [2][-]{subsection.1.3.2}{\376\377\000O\000b\000j\000e\000t\000i\000v\000o\000s\000\040\000E\000s\000p\000e\000c\000\355\000f\000i\000c\000o\000s}{section.1.3}% 10
\BOOKMARK [1][-]{section.1.4}{\376\377\000H\000i\000p\000\363\000t\000e\000s\000i\000s}{chapter.1}% 11
\BOOKMARK [2][-]{subsection.1.4.1}{\376\377\000H\000i\000p\000\363\000t\000e\000s\000i\000s\000\040\000G\000e\000n\000e\000r\000a\000l}{section.1.4}% 12
\BOOKMARK [2][-]{subsection.1.4.2}{\376\377\000H\000i\000p\000\363\000t\000e\000s\000i\000s\000\040\000E\000s\000p\000e\000c\000\355\000f\000i\000c\000a\000s}{section.1.4}% 13
\BOOKMARK [2][-]{subsection.1.4.3}{\376\377\000M\000a\000t\000r\000i\000z\000\040\000d\000e\000\040\000C\000o\000n\000s\000i\000s\000t\000e\000n\000c\000i\000a}{section.1.4}% 14
\BOOKMARK [1][-]{section.1.5}{\376\377\000J\000u\000s\000t\000i\000f\000i\000c\000a\000c\000i\000\363\000n\000\040\000d\000e\000\040\000l\000a\000\040\000I\000n\000v\000e\000s\000t\000i\000g\000a\000c\000i\000\363\000n}{chapter.1}% 15
\BOOKMARK [2][-]{subsection.1.5.1}{\376\377\000T\000e\000\363\000r\000i\000c\000a}{section.1.5}% 16
\BOOKMARK [2][-]{subsection.1.5.2}{\376\377\000P\000r\000\341\000c\000t\000i\000c\000a}{section.1.5}% 17
\BOOKMARK [2][-]{subsection.1.5.3}{\376\377\000M\000e\000t\000o\000d\000o\000l\000\363\000g\000i\000c\000a}{section.1.5}% 18
\BOOKMARK [1][-]{section.1.6}{\376\377\000D\000e\000l\000i\000m\000i\000t\000a\000c\000i\000\363\000n\000\040\000d\000e\000l\000\040\000E\000s\000t\000u\000d\000i\000o}{chapter.1}% 19
\BOOKMARK [2][-]{subsection.1.6.1}{\376\377\000E\000s\000p\000a\000c\000i\000a\000l}{section.1.6}% 20
\BOOKMARK [2][-]{subsection.1.6.2}{\376\377\000T\000e\000m\000p\000o\000r\000a\000l}{section.1.6}% 21
\BOOKMARK [2][-]{subsection.1.6.3}{\376\377\000C\000o\000n\000c\000e\000p\000t\000u\000a\000l}{section.1.6}% 22
\BOOKMARK [0][-]{chapter.2}{\376\377\000M\000A\000R\000C\000O\000\040\000T\000E\000\323\000R\000I\000C\000O}{}% 23
\BOOKMARK [1][-]{section.2.1}{\376\377\000A\000n\000t\000e\000c\000e\000d\000e\000n\000t\000e\000s\000\040\000d\000e\000\040\000l\000a\000\040\000i\000n\000v\000e\000s\000t\000i\000g\000a\000c\000i\000\363\000n}{chapter.2}% 24
\BOOKMARK [2][-]{subsection.2.1.1}{\376\377\000D\000e\000e\000p\000\040\000L\000e\000a\000r\000n\000i\000n\000g\000-\000B\000a\000s\000e\000d\000\040\000T\000r\000a\000n\000s\000f\000e\000r\000\040\000L\000e\000a\000r\000n\000i\000n\000g\000\040\000f\000o\000r\000\040\000C\000l\000a\000s\000s\000i\000f\000i\000c\000a\000t\000i\000o\000n\000\040\000o\000f\000\040\000S\000k\000i\000n\000\040\000C\000a\000n\000c\000e\000r\000\040\000*\000j\000a\000i\000n\0002\0000\0002\0001\000d\000e\000e\000p}{section.2.1}% 25
\BOOKMARK [3][-]{subsubsection.2.1.1.1}{\376\377\000P\000l\000a\000n\000t\000e\000a\000m\000i\000e\000n\000t\000o\000\040\000d\000e\000l\000\040\000P\000r\000o\000b\000l\000e\000m\000a\000\040\000y\000\040\000o\000b\000j\000e\000t\000i\000v\000o}{subsection.2.1.1}% 26
\BOOKMARK [3][-]{subsubsection.2.1.1.2}{\376\377\000M\000e\000t\000o\000d\000o\000l\000o\000g\000\355\000a\000\040\000e\000m\000p\000l\000e\000a\000d\000a\000\040\000p\000o\000r\000\040\000l\000o\000s\000\040\000a\000u\000t\000o\000r\000e\000s}{subsection.2.1.1}% 27
\BOOKMARK [3][-]{subsubsection.2.1.1.3}{\376\377\000R\000e\000s\000u\000l\000t\000a\000d\000o\000s\000\040\000o\000b\000t\000e\000n\000i\000d\000o\000s}{subsection.2.1.1}% 28
\BOOKMARK [2][-]{subsection.2.1.2}{\376\377\000C\000l\000a\000s\000s\000i\000f\000i\000c\000a\000t\000i\000o\000n\000\040\000o\000f\000\040\000S\000k\000i\000n\000\040\000C\000a\000n\000c\000e\000r\000\040\000L\000e\000s\000i\000o\000n\000s\000\040\000U\000s\000i\000n\000g\000\040\000E\000x\000p\000l\000a\000i\000n\000a\000b\000l\000e\000\040\000D\000e\000e\000p\000\040\000L\000e\000a\000r\000n\000i\000n\000g\000\040\000*\000g\000o\000c\000e\000r\000i\0002\0000\0002\0003\000c\000l\000a\000s\000s\000i\000f\000i\000c\000a\000t\000i\000o\000n}{section.2.1}% 29
\BOOKMARK [3][-]{subsubsection.2.1.2.1}{\376\377\000P\000l\000a\000n\000t\000e\000a\000m\000i\000e\000n\000t\000o\000\040\000d\000e\000l\000\040\000P\000r\000o\000b\000l\000e\000m\000a\000\040\000y\000\040\000o\000b\000j\000e\000t\000i\000v\000o}{subsection.2.1.2}% 30
\BOOKMARK [3][-]{subsubsection.2.1.2.2}{\376\377\000M\000e\000t\000o\000d\000o\000l\000o\000g\000\355\000a\000\040\000e\000m\000p\000l\000e\000a\000d\000a\000\040\000p\000o\000r\000\040\000l\000o\000s\000\040\000a\000u\000t\000o\000r\000e\000s}{subsection.2.1.2}% 31
\BOOKMARK [3][-]{subsubsection.2.1.2.3}{\376\377\000R\000e\000s\000u\000l\000t\000a\000d\000o\000s\000\040\000o\000b\000t\000e\000n\000i\000d\000o\000s}{subsection.2.1.2}% 32
\BOOKMARK [2][-]{subsection.2.1.3}{\376\377\000A\000n\000\040\000e\000n\000h\000a\000n\000c\000e\000d\000\040\000t\000e\000c\000h\000n\000i\000q\000u\000e\000\040\000o\000f\000\040\000s\000k\000i\000n\000\040\000c\000a\000n\000c\000e\000r\000\040\000c\000l\000a\000s\000s\000i\000f\000i\000c\000a\000t\000i\000o\000n\000\040\000u\000s\000i\000n\000g\000\040\000d\000e\000e\000p\000\040\000c\000o\000n\000v\000o\000l\000u\000t\000i\000o\000n\000a\000l\000\040\000n\000e\000u\000r\000a\000l\000\040\000n\000e\000t\000w\000o\000r\000k\000\040\000w\000i\000t\000h\000\040\000t\000r\000a\000n\000s\000f\000e\000r\000\040\000l\000e\000a\000r\000n\000i\000n\000g\000\040\000m\000o\000d\000e\000l\000s\000\040\000*\000a\000l\000i\0002\0000\0002\0001\000e\000n\000h\000a\000n\000c\000e\000d}{section.2.1}% 33
\BOOKMARK [3][-]{subsubsection.2.1.3.1}{\376\377\000P\000l\000a\000n\000t\000e\000a\000m\000i\000e\000n\000t\000o\000\040\000d\000e\000l\000\040\000P\000r\000o\000b\000l\000e\000m\000a\000\040\000y\000\040\000o\000b\000j\000e\000t\000i\000v\000o}{subsection.2.1.3}% 34
\BOOKMARK [3][-]{subsubsection.2.1.3.2}{\376\377\000M\000e\000t\000o\000d\000o\000l\000o\000g\000\355\000a\000\040\000e\000m\000p\000l\000e\000a\000d\000a\000\040\000p\000o\000r\000\040\000l\000o\000s\000\040\000a\000u\000t\000o\000r\000e\000s}{subsection.2.1.3}% 35
\BOOKMARK [3][-]{subsubsection.2.1.3.3}{\376\377\000R\000e\000s\000u\000l\000t\000a\000d\000o\000s\000\040\000o\000b\000t\000e\000n\000i\000d\000o\000s}{subsection.2.1.3}% 36
\BOOKMARK [2][-]{subsection.2.1.4}{\376\377\000D\000e\000s\000i\000g\000n\000\040\000o\000f\000\040\000a\000\040\000t\000o\000o\000l\000\040\000f\000o\000r\000\040\000t\000h\000e\000\040\000c\000l\000a\000s\000s\000i\000f\000i\000c\000a\000t\000i\000o\000n\000\040\000o\000f\000\040\000s\000k\000i\000n\000\040\000c\000a\000n\000c\000e\000r\000\040\000i\000m\000a\000g\000e\000s\000\040\000u\000s\000i\000n\000g\000\040\000D\000e\000e\000p\000\040\000N\000e\000u\000r\000a\000l\000\040\000N\000e\000t\000w\000o\000r\000k\000s\000\040\000\050\000D\000N\000N\000\051\000\040\000*\000v\000a\000r\000g\000a\000s\0002\0000\0002\0001\000d\000i\000s\000e\000n\000o}{section.2.1}% 37
\BOOKMARK [3][-]{subsubsection.2.1.4.1}{\376\377\000P\000l\000a\000n\000t\000e\000a\000m\000i\000e\000n\000t\000o\000\040\000d\000e\000l\000\040\000P\000r\000o\000b\000l\000e\000m\000a\000\040\000y\000\040\000o\000b\000j\000e\000t\000i\000v\000o}{subsection.2.1.4}% 38
\BOOKMARK [3][-]{subsubsection.2.1.4.2}{\376\377\000M\000e\000t\000o\000d\000o\000l\000o\000g\000\355\000a\000\040\000e\000m\000p\000l\000e\000a\000d\000a\000\040\000p\000o\000r\000\040\000l\000o\000s\000\040\000a\000u\000t\000o\000r\000e\000s}{subsection.2.1.4}% 39
\BOOKMARK [3][-]{subsubsection.2.1.4.3}{\376\377\000R\000e\000s\000u\000l\000t\000a\000d\000o\000s\000\040\000o\000b\000t\000e\000n\000i\000d\000o\000s}{subsection.2.1.4}% 40
\BOOKMARK [2][-]{subsection.2.1.5}{\376\377\000D\000i\000a\000g\000n\000o\000s\000i\000s\000\040\000o\000f\000\040\000s\000k\000i\000n\000\040\000c\000a\000n\000c\000e\000r\000\040\000u\000s\000i\000n\000g\000\040\000m\000a\000c\000h\000i\000n\000e\000\040\000l\000e\000a\000r\000n\000i\000n\000g\000\040\000t\000e\000c\000h\000n\000i\000q\000u\000e\000s\000\040\000*\000m\000u\000r\000u\000g\000a\000n\0002\0000\0002\0001\000d\000i\000a\000g\000n\000o\000s\000i\000s}{section.2.1}% 41
\BOOKMARK [3][-]{subsubsection.2.1.5.1}{\376\377\000P\000l\000a\000n\000t\000e\000a\000m\000i\000e\000n\000t\000o\000\040\000d\000e\000l\000\040\000P\000r\000o\000b\000l\000e\000m\000a\000\040\000y\000\040\000o\000b\000j\000e\000t\000i\000v\000o}{subsection.2.1.5}% 42
\BOOKMARK [3][-]{subsubsection.2.1.5.2}{\376\377\000M\000e\000t\000o\000d\000o\000l\000o\000g\000\355\000a\000\040\000e\000m\000p\000l\000e\000a\000d\000a\000\040\000p\000o\000r\000\040\000l\000o\000s\000\040\000a\000u\000t\000o\000r\000e\000s}{subsection.2.1.5}% 43
\BOOKMARK [3][-]{subsubsection.2.1.5.3}{\376\377\000R\000e\000s\000u\000l\000t\000a\000d\000o\000s\000\040\000o\000b\000t\000e\000n\000i\000d\000o\000s}{subsection.2.1.5}% 44
\BOOKMARK [2][-]{subsection.2.1.6}{\376\377\000M\000u\000l\000t\000i\000c\000l\000a\000s\000s\000\040\000s\000k\000i\000n\000\040\000c\000a\000n\000c\000e\000r\000\040\000c\000l\000a\000s\000s\000i\000f\000i\000c\000a\000t\000i\000o\000n\000\040\000u\000s\000i\000n\000g\000\040\000E\000f\000f\000i\000c\000i\000e\000n\000t\000N\000e\000t\000s\000\040\040\023\000\040\000a\000\040\000f\000i\000r\000s\000t\000\040\000s\000t\000e\000p\000\040\000t\000o\000w\000a\000r\000d\000s\000\040\000p\000r\000e\000v\000e\000n\000t\000i\000n\000g\000\040\000s\000k\000i\000n\000\040\000c\000a\000n\000c\000e\000r\000\040\000*\000a\000l\000i\0002\0000\0002\0002\000m\000u\000l\000t\000i\000c\000l\000a\000s\000s}{section.2.1}% 45
\BOOKMARK [3][-]{subsubsection.2.1.6.1}{\376\377\000P\000l\000a\000n\000t\000e\000a\000m\000i\000e\000n\000t\000o\000\040\000d\000e\000l\000\040\000P\000r\000o\000b\000l\000e\000m\000a\000\040\000y\000\040\000o\000b\000j\000e\000t\000i\000v\000o}{subsection.2.1.6}% 46
\BOOKMARK [3][-]{subsubsection.2.1.6.2}{\376\377\000M\000e\000t\000o\000d\000o\000l\000o\000g\000\355\000a\000\040\000e\000m\000p\000l\000e\000a\000d\000a\000\040\000p\000o\000r\000\040\000l\000o\000s\000\040\000a\000u\000t\000o\000r\000e\000s}{subsection.2.1.6}% 47
\BOOKMARK [3][-]{subsubsection.2.1.6.3}{\376\377\000R\000e\000s\000u\000l\000t\000a\000d\000o\000s\000\040\000o\000b\000t\000e\000n\000i\000d\000o\000s}{subsection.2.1.6}% 48
\BOOKMARK [2][-]{subsection.2.1.7}{\376\377\000S\000k\000i\000n\000\040\000c\000a\000n\000c\000e\000r\000\040\000c\000l\000a\000s\000s\000i\000f\000i\000c\000a\000t\000i\000o\000n\000\040\000u\000s\000i\000n\000g\000\040\000e\000x\000p\000l\000a\000i\000n\000a\000b\000l\000e\000\040\000a\000r\000t\000i\000f\000i\000c\000i\000a\000l\000\040\000i\000n\000t\000e\000l\000l\000i\000g\000e\000n\000c\000e\000\040\000o\000n\000\040\000p\000r\000e\000-\000e\000x\000t\000r\000a\000c\000t\000e\000d\000\040\000i\000m\000a\000g\000e\000\040\000f\000e\000a\000t\000u\000r\000e\000s\000\040\000*\000k\000h\000a\000t\000e\000r\0002\0000\0002\0003\000s\000k\000i\000n}{section.2.1}% 49
\BOOKMARK [3][-]{subsubsection.2.1.7.1}{\376\377\000P\000l\000a\000n\000t\000e\000a\000m\000i\000e\000n\000t\000o\000\040\000d\000e\000l\000\040\000P\000r\000o\000b\000l\000e\000m\000a\000\040\000y\000\040\000o\000b\000j\000e\000t\000i\000v\000o}{subsection.2.1.7}% 50
\BOOKMARK [3][-]{subsubsection.2.1.7.2}{\376\377\000M\000e\000t\000o\000d\000o\000l\000o\000g\000\355\000a\000\040\000e\000m\000p\000l\000e\000a\000d\000a\000\040\000p\000o\000r\000\040\000l\000o\000s\000\040\000a\000u\000t\000o\000r\000e\000s}{subsection.2.1.7}% 51
\BOOKMARK [3][-]{subsubsection.2.1.7.3}{\376\377\000R\000e\000s\000u\000l\000t\000a\000d\000o\000s\000\040\000o\000b\000t\000e\000n\000i\000d\000o\000s}{subsection.2.1.7}% 52
\BOOKMARK [2][-]{subsection.2.1.8}{\376\377\000A\000n\000\040\000i\000m\000p\000r\000o\000v\000e\000d\000\040\000t\000r\000a\000n\000s\000f\000o\000r\000m\000e\000r\000\040\000n\000e\000t\000w\000o\000r\000k\000\040\000f\000o\000r\000\040\000s\000k\000i\000n\000\040\000c\000a\000n\000c\000e\000r\000\040\000c\000l\000a\000s\000s\000i\000f\000i\000c\000a\000t\000i\000o\000n\000\040\000*\000x\000i\000n\0002\0000\0002\0002\000i\000m\000p\000r\000o\000v\000e\000d}{section.2.1}% 53
\BOOKMARK [3][-]{subsubsection.2.1.8.1}{\376\377\000P\000l\000a\000n\000t\000e\000a\000m\000i\000e\000n\000t\000o\000\040\000d\000e\000l\000\040\000P\000r\000o\000b\000l\000e\000m\000a\000\040\000y\000\040\000o\000b\000j\000e\000t\000i\000v\000o}{subsection.2.1.8}% 54
\BOOKMARK [3][-]{subsubsection.2.1.8.2}{\376\377\000M\000e\000t\000o\000d\000o\000l\000o\000g\000\355\000a\000\040\000e\000m\000p\000l\000e\000a\000d\000a\000\040\000p\000o\000r\000\040\000l\000o\000s\000\040\000a\000u\000t\000o\000r\000e\000s}{subsection.2.1.8}% 55
\BOOKMARK [3][-]{subsubsection.2.1.8.3}{\376\377\000R\000e\000s\000u\000l\000t\000a\000d\000o\000s\000\040\000o\000b\000t\000e\000n\000i\000d\000o\000s}{subsection.2.1.8}% 56
\BOOKMARK [2][-]{subsection.2.1.9}{\376\377\000U\000n\000c\000e\000r\000t\000a\000i\000n\000t\000y\000\040\000q\000u\000a\000n\000t\000i\000f\000i\000c\000a\000t\000i\000o\000n\000\040\000i\000n\000\040\000s\000k\000i\000n\000\040\000c\000a\000n\000c\000e\000r\000\040\000c\000l\000a\000s\000s\000i\000f\000i\000c\000a\000t\000i\000o\000n\000\040\000u\000s\000i\000n\000g\000\040\000t\000h\000r\000e\000e\000-\000w\000a\000y\000\040\000d\000e\000c\000i\000s\000i\000o\000n\000-\000b\000a\000s\000e\000d\000\040\000B\000a\000y\000e\000s\000i\000a\000n\000\040\000d\000e\000e\000p\000\040\000l\000e\000a\000r\000n\000i\000n\000g\000\040\000*\000a\000b\000d\000a\000r\0002\0000\0002\0001\000u\000n\000c\000e\000r\000t\000a\000i\000n\000t\000y}{section.2.1}% 57
\BOOKMARK [3][-]{subsubsection.2.1.9.1}{\376\377\000P\000l\000a\000n\000t\000e\000a\000m\000i\000e\000n\000t\000o\000\040\000d\000e\000l\000\040\000P\000r\000o\000b\000l\000e\000m\000a\000\040\000y\000\040\000o\000b\000j\000e\000t\000i\000v\000o}{subsection.2.1.9}% 58
\BOOKMARK [3][-]{subsubsection.2.1.9.2}{\376\377\000M\000e\000t\000o\000d\000o\000l\000o\000g\000\355\000a\000\040\000e\000m\000p\000l\000e\000a\000d\000a\000\040\000p\000o\000r\000\040\000l\000o\000s\000\040\000a\000u\000t\000o\000r\000e\000s}{subsection.2.1.9}% 59
\BOOKMARK [3][-]{subsubsection.2.1.9.3}{\376\377\000R\000e\000s\000u\000l\000t\000a\000d\000o\000s\000\040\000o\000b\000t\000e\000n\000i\000d\000o\000s}{subsection.2.1.9}% 60
\BOOKMARK [2][-]{subsection.2.1.10}{\376\377\000A\000\040\000m\000u\000l\000t\000i\000-\000c\000l\000a\000s\000s\000\040\000s\000k\000i\000n\000\040\000C\000a\000n\000c\000e\000r\000\040\000c\000l\000a\000s\000s\000i\000f\000i\000c\000a\000t\000i\000o\000n\000\040\000u\000s\000i\000n\000g\000\040\000d\000e\000e\000p\000\040\000c\000o\000n\000v\000o\000l\000u\000t\000i\000o\000n\000a\000l\000\040\000n\000e\000u\000r\000a\000l\000\040\000n\000e\000t\000w\000o\000r\000k\000s\000\040\000*\000c\000h\000a\000t\000u\000r\000v\000e\000d\000i\0002\0000\0002\0000\000m\000u\000l\000t\000i}{section.2.1}% 61
\BOOKMARK [3][-]{subsubsection.2.1.10.1}{\376\377\000P\000l\000a\000n\000t\000e\000a\000m\000i\000e\000n\000t\000o\000\040\000d\000e\000l\000\040\000P\000r\000o\000b\000l\000e\000m\000a\000\040\000y\000\040\000o\000b\000j\000e\000t\000i\000v\000o}{subsection.2.1.10}% 62
\BOOKMARK [3][-]{subsubsection.2.1.10.2}{\376\377\000M\000e\000t\000o\000d\000o\000l\000o\000g\000\355\000a\000\040\000e\000m\000p\000l\000e\000a\000d\000a\000\040\000p\000o\000r\000\040\000l\000o\000s\000\040\000a\000u\000t\000o\000r\000e\000s}{subsection.2.1.10}% 63
\BOOKMARK [3][-]{subsubsection.2.1.10.3}{\376\377\000R\000e\000s\000u\000l\000t\000a\000d\000o\000s\000\040\000o\000b\000t\000e\000n\000i\000d\000o\000s}{subsection.2.1.10}% 64
\BOOKMARK [1][-]{section.2.2}{\376\377\000B\000a\000s\000e\000s\000\040\000T\000e\000\363\000r\000i\000c\000a\000s}{chapter.2}% 65
\BOOKMARK [2][-]{subsection.2.2.1}{\376\377\000I\000n\000t\000e\000l\000i\000g\000e\000n\000c\000i\000a\000\040\000A\000r\000t\000i\000f\000i\000c\000i\000a\000l}{section.2.2}% 66
\BOOKMARK [2][-]{subsection.2.2.2}{\376\377\000F\000e\000a\000t\000u\000r\000e\000s\000\040\000V\000e\000c\000t\000o\000r\000s}{section.2.2}% 67
\BOOKMARK [2][-]{subsection.2.2.3}{\376\377\000G\000L\000C\000M\000\040\000\050\000G\000r\000a\000y\000\040\000L\000e\000v\000e\000l\000\040\000C\000o\000-\000o\000c\000c\000u\000r\000r\000e\000n\000c\000e\000\040\000M\000a\000t\000r\000i\000x\000\051}{section.2.2}% 68
\BOOKMARK [2][-]{subsection.2.2.4}{\376\377\000M\000o\000m\000e\000n\000t\000\040\000I\000n\000v\000a\000r\000i\000a\000n\000t}{section.2.2}% 69
\BOOKMARK [2][-]{subsection.2.2.5}{\376\377\000G\000L\000R\000L\000M\000\040\000\050\000G\000r\000a\000y\000\040\000L\000e\000v\000e\000l\000\040\000R\000u\000n\000\040\000L\000e\000n\000g\000t\000h\000\040\000M\000a\000t\000r\000i\000x\000\051}{section.2.2}% 70
\BOOKMARK [2][-]{subsection.2.2.6}{\376\377\000A\000p\000r\000e\000n\000d\000i\000z\000a\000j\000e\000\040\000A\000u\000t\000o\000m\000\341\000t\000i\000c\000o\000\040\000\050\000M\000a\000c\000h\000i\000n\000g\000\040\000L\000e\000a\000r\000n\000i\000n\000g\000\051}{section.2.2}% 71
\BOOKMARK [2][-]{subsection.2.2.7}{\376\377\000K\000-\000N\000e\000a\000r\000e\000s\000t\000\040\000N\000e\000i\000g\000h\000b\000o\000r\000s\000\040\000\050\000K\000N\000N\000\051}{section.2.2}% 72
\BOOKMARK [2][-]{subsection.2.2.8}{\376\377\000A\000p\000r\000e\000n\000d\000i\000z\000a\000j\000e\000\040\000P\000r\000o\000f\000u\000n\000d\000o\000\040\000\050\000D\000e\000e\000p\000\040\000L\000e\000a\000r\000n\000i\000n\000g\000\051}{section.2.2}% 73
\BOOKMARK [2][-]{subsection.2.2.9}{\376\377\000D\000e\000e\000p\000\040\000N\000e\000u\000r\000a\000l\000\040\000N\000e\000t\000w\000o\000r\000k\000s\000\040\000\050\000D\000N\000N\000\051}{section.2.2}% 74
\BOOKMARK [2][-]{subsection.2.2.10}{\376\377\000C\000o\000m\000p\000u\000t\000e\000r\000\040\000V\000i\000s\000i\000o\000n}{section.2.2}% 75
\BOOKMARK [1][-]{section.2.3}{\376\377\000M\000a\000r\000c\000o\000\040\000C\000o\000n\000c\000e\000p\000t\000u\000a\000l}{chapter.2}% 76
\BOOKMARK [2][-]{subsection.2.3.1}{\376\377\000E\000l\000\040\000C\000\341\000n\000c\000e\000r}{section.2.3}% 77
\BOOKMARK [2][-]{subsection.2.3.2}{\376\377\000C\000\341\000n\000c\000e\000r\000\040\000d\000e\000\040\000P\000i\000e\000l}{section.2.3}% 78
\BOOKMARK [2][-]{subsection.2.3.3}{\376\377\000S\000i\000n\000t\000o\000m\000a\000s\000\040\000d\000e\000l\000\040\000C\000\341\000n\000c\000e\000r\000\040\000d\000e\000\040\000P\000i\000e\000l}{section.2.3}% 79
\BOOKMARK [2][-]{subsection.2.3.4}{\376\377\000T\000i\000p\000o\000s\000\040\000d\000e\000l\000\040\000C\000\341\000n\000c\000e\000r\000\040\000d\000e\000\040\000P\000i\000e\000l}{section.2.3}% 80
\BOOKMARK [2][-]{subsection.2.3.5}{\376\377\000M\000e\000l\000a\000n\000o\000m\000a}{section.2.3}% 81
\BOOKMARK [2][-]{subsection.2.3.6}{\376\377\000F\000o\000r\000m\000a\000s\000\040\000d\000e\000\040\000d\000i\000a\000g\000n\000o\000s\000t\000i\000c\000a\000r\000\040\000e\000l\000\040\000c\000\341\000n\000c\000e\000r\000\040\000d\000e\000\040\000p\000i\000e\000l}{section.2.3}% 82
\BOOKMARK [0][-]{chapter.3}{\376\377\000M\000E\000T\000O\000D\000O\000L\000O\000G\000\315\000A\000\040\000D\000E\000\040\000L\000A\000\040\000I\000N\000V\000E\000S\000T\000I\000G\000A\000C\000I\000\323\000N}{}% 83
\BOOKMARK [1][-]{section.3.1}{\376\377\000D\000i\000s\000e\000\361\000o\000\040\000d\000e\000\040\000l\000a\000\040\000i\000n\000v\000e\000s\000t\000i\000g\000a\000c\000i\000\363\000n}{chapter.3}% 84
\BOOKMARK [2][-]{subsection.3.1.1}{\376\377\000T\000i\000p\000o\000\040\000d\000e\000\040\000I\000n\000v\000e\000s\000t\000i\000g\000a\000c\000i\000\363\000n}{section.3.1}% 85
\BOOKMARK [2][-]{subsection.3.1.2}{\376\377\000E\000n\000f\000o\000q\000u\000e\000\040\000d\000e\000\040\000i\000n\000v\000e\000s\000t\000i\000g\000a\000c\000i\000\363\000n}{section.3.1}% 86
\BOOKMARK [1][-]{section.3.2}{\376\377\000P\000o\000b\000l\000a\000c\000i\000\363\000n\000\040\000y\000\040\000m\000u\000e\000s\000t\000r\000a}{chapter.3}% 87
\BOOKMARK [1][-]{section.3.3}{\376\377\000O\000p\000e\000r\000a\000c\000i\000o\000n\000a\000l\000i\000z\000a\000c\000i\000\363\000n\000\040\000d\000e\000\040\000v\000a\000r\000i\000a\000b\000l\000e\000s}{chapter.3}% 88
\BOOKMARK [1][-]{section.3.4}{\376\377\000T\000\351\000c\000n\000i\000c\000a\000s\000\040\000d\000e\000\040\000r\000e\000c\000o\000l\000e\000c\000c\000i\000\363\000n}{chapter.3}% 89
\BOOKMARK [1][-]{section.3.5}{\376\377\000T\000\351\000c\000n\000i\000c\000a\000s\000\040\000p\000a\000r\000a\000\040\000e\000l\000\040\000p\000r\000o\000c\000e\000s\000a\000m\000i\000e\000n\000t\000o\000\040\000y\000\040\000a\000n\000\341\000l\000i\000s\000i\000s\000\040\000d\000e\000\040\000l\000a\000\040\000i\000n\000f\000o\000r\000m\000a\000c\000i\000\363\000n}{chapter.3}% 90
\BOOKMARK [2][-]{subsection.3.5.1}{\376\377\000M\000e\000t\000o\000d\000o\000l\000o\000g\000\355\000a\000\040\000d\000e\000\040\000l\000a\000\040\000i\000m\000p\000l\000e\000m\000e\000n\000t\000a\000c\000i\000\363\000n\000\040\000d\000e\000\040\000l\000a\000\040\000s\000o\000l\000u\000c\000i\000\363\000n}{section.3.5}% 91
\BOOKMARK [3][-]{subsubsection.3.5.1.1}{\376\377\000M\000e\000t\000o\000d\000o\000l\000o\000g\000\355\000a\000\040\000p\000a\000r\000a\000\040\000l\000a\000\040\000m\000e\000d\000i\000c\000i\000\363\000n\000\040\000d\000e\000\040\000r\000e\000s\000u\000l\000t\000a\000d\000o\000s}{subsection.3.5.1}% 92
\BOOKMARK [1][-]{section.3.6}{\376\377\000C\000r\000o\000n\000o\000g\000r\000a\000m\000a\000\040\000d\000e\000\040\000a\000c\000t\000i\000v\000i\000d\000a\000d\000e\000s}{chapter.3}% 93
\BOOKMARK [1][-]{section.3.7}{\376\377\000P\000r\000e\000s\000u\000p\000u\000e\000s\000t\000o}{chapter.3}% 94
\BOOKMARK [0][-]{section*.26}{\376\377\000A\000n\000e\000x\000o\000s}{}% 95
\BOOKMARK [0][-]{appendix.Alph1}{\376\377\000A\000n\000e\000x\000o\000\040\000I\000:\000\040\000\301\000r\000b\000o\000l\000\040\000d\000e\000\040\000P\000r\000o\000b\000l\000e\000m\000a\000\040}{}% 96
\BOOKMARK [0][-]{appendix.Alph2}{\376\377\000A\000n\000e\000x\000o\000\040\000I\000I\000:\000\040\000\301\000r\000b\000o\000l\000\040\000d\000e\000\040\000O\000b\000j\000e\000t\000i\000v\000o}{}% 97
\BOOKMARK [0][-]{appendix.Alph3}{\376\377\000A\000n\000e\000x\000o\000\040\000I\000I\000:\000\040\000M\000a\000t\000r\000i\000z\000\040\000d\000e\000\040\000C\000o\000n\000s\000i\000s\000t\000e\000n\000c\000i\000a}{}% 98
\BOOKMARK [0][-]{appendix.Alph4}{\376\377\000A\000n\000e\000x\000o\000\040\000I\000I\000:\000\040\000R\000e\000s\000u\000m\000e\000n\000\040\000d\000e\000\040\000P\000a\000p\000e\000r\000s\000\040\000i\000n\000v\000e\000s\000t\000i\000g\000a\000d\000o\000s}{}% 99
